[2020-10-28 01:24:24Z INFO HostContext] No proxy settings were found based on environmental variables (http_proxy/https_proxy/HTTP_PROXY/HTTPS_PROXY)
[2020-10-28 01:24:24Z INFO HostContext] Well known directory 'Bin': 'C:\Users\User\GEBv2\actions-runner\bin'
[2020-10-28 01:24:24Z INFO HostContext] Well known directory 'Root': 'C:\Users\User\GEBv2\actions-runner'
[2020-10-28 01:24:24Z INFO HostContext] Well known config file 'Credentials': 'C:\Users\User\GEBv2\actions-runner\.credentials'
[2020-10-28 01:24:24Z INFO Listener] Runner is built for Windows (X64) - win-x64.
[2020-10-28 01:24:24Z INFO Listener] RuntimeInformation: Microsoft Windows 10.0.18363.
[2020-10-28 01:24:24Z INFO Listener] Version: 2.273.5
[2020-10-28 01:24:24Z INFO Listener] Commit: a79bab4b3c993a205a2d73d2b618299d8a96bd26
[2020-10-28 01:24:24Z INFO Listener] Culture: en-NZ
[2020-10-28 01:24:24Z INFO Listener] UI Culture: en-GB
[2020-10-28 01:24:24Z INFO HostContext] Well known directory 'Bin': 'C:\Users\User\GEBv2\actions-runner\bin'
[2020-10-28 01:24:24Z INFO HostContext] Well known directory 'Root': 'C:\Users\User\GEBv2\actions-runner'
[2020-10-28 01:24:24Z INFO Listener] Validating directory permissions for: 'C:\Users\User\GEBv2\actions-runner'
[2020-10-28 01:24:24Z INFO CommandLineParser] Parse
[2020-10-28 01:24:24Z INFO CommandLineParser] Parsing 5 args
[2020-10-28 01:24:24Z INFO CommandLineParser] parsing argument
[2020-10-28 01:24:24Z INFO CommandLineParser] HasArgs: False
[2020-10-28 01:24:24Z INFO CommandLineParser] Adding Command: configure
[2020-10-28 01:24:24Z INFO CommandLineParser] parsing argument
[2020-10-28 01:24:24Z INFO CommandLineParser] HasArgs: True
[2020-10-28 01:24:24Z INFO CommandLineParser] arg: url
[2020-10-28 01:24:24Z INFO CommandLineParser] parsing argument
[2020-10-28 01:24:24Z INFO CommandLineParser] HasArgs: True
[2020-10-28 01:24:24Z INFO CommandLineParser] Adding option 'url': 'https://github.com/TheWaterIsAlive/GEBWebstoreV2'
[2020-10-28 01:24:24Z INFO CommandLineParser] parsing argument
[2020-10-28 01:24:24Z INFO CommandLineParser] HasArgs: True
[2020-10-28 01:24:24Z INFO CommandLineParser] arg: token
[2020-10-28 01:24:24Z INFO CommandLineParser] parsing argument
[2020-10-28 01:24:24Z INFO CommandLineParser] HasArgs: True
[2020-10-28 01:24:24Z INFO CommandLineParser] Adding option 'token': '***'
[2020-10-28 01:24:24Z INFO Listener] Arguments parsed
[2020-10-28 01:24:24Z INFO Runner] ExecuteCommand
[2020-10-28 01:24:24Z INFO ConfigurationStore] currentAssemblyLocation: C:\Users\User\GEBv2\actions-runner\bin\Runner.Listener.dll
[2020-10-28 01:24:24Z INFO HostContext] Well known directory 'Bin': 'C:\Users\User\GEBv2\actions-runner\bin'
[2020-10-28 01:24:24Z INFO ConfigurationStore] binPath: C:\Users\User\GEBv2\actions-runner\bin
[2020-10-28 01:24:24Z INFO HostContext] Well known directory 'Bin': 'C:\Users\User\GEBv2\actions-runner\bin'
[2020-10-28 01:24:24Z INFO HostContext] Well known directory 'Root': 'C:\Users\User\GEBv2\actions-runner'
[2020-10-28 01:24:24Z INFO ConfigurationStore] RootFolder: C:\Users\User\GEBv2\actions-runner
[2020-10-28 01:24:24Z INFO HostContext] Well known directory 'Bin': 'C:\Users\User\GEBv2\actions-runner\bin'
[2020-10-28 01:24:24Z INFO HostContext] Well known directory 'Root': 'C:\Users\User\GEBv2\actions-runner'
[2020-10-28 01:24:24Z INFO HostContext] Well known config file 'Runner': 'C:\Users\User\GEBv2\actions-runner\.runner'
[2020-10-28 01:24:24Z INFO ConfigurationStore] ConfigFilePath: C:\Users\User\GEBv2\actions-runner\.runner
[2020-10-28 01:24:24Z INFO HostContext] Well known directory 'Bin': 'C:\Users\User\GEBv2\actions-runner\bin'
[2020-10-28 01:24:24Z INFO HostContext] Well known directory 'Root': 'C:\Users\User\GEBv2\actions-runner'
[2020-10-28 01:24:24Z INFO HostContext] Well known config file 'Credentials': 'C:\Users\User\GEBv2\actions-runner\.credentials'
[2020-10-28 01:24:24Z INFO ConfigurationStore] CredFilePath: C:\Users\User\GEBv2\actions-runner\.credentials
[2020-10-28 01:24:24Z INFO HostContext] Well known directory 'Bin': 'C:\Users\User\GEBv2\actions-runner\bin'
[2020-10-28 01:24:24Z INFO HostContext] Well known directory 'Root': 'C:\Users\User\GEBv2\actions-runner'
[2020-10-28 01:24:24Z INFO HostContext] Well known config file 'MigratedCredentials': 'C:\Users\User\GEBv2\actions-runner\.credentials_migrated'
[2020-10-28 01:24:24Z INFO ConfigurationStore] MigratedCredFilePath: C:\Users\User\GEBv2\actions-runner\.credentials_migrated
[2020-10-28 01:24:24Z INFO HostContext] Well known directory 'Bin': 'C:\Users\User\GEBv2\actions-runner\bin'
[2020-10-28 01:24:24Z INFO HostContext] Well known directory 'Root': 'C:\Users\User\GEBv2\actions-runner'
[2020-10-28 01:24:24Z INFO HostContext] Well known config file 'Service': 'C:\Users\User\GEBv2\actions-runner\.service'
[2020-10-28 01:24:24Z INFO ConfigurationStore] ServiceConfigFilePath: C:\Users\User\GEBv2\actions-runner\.service
[2020-10-28 01:24:24Z INFO CommandSettings] Flag 'help': 'False'
[2020-10-28 01:24:24Z INFO CommandSettings] Flag 'version': 'False'
[2020-10-28 01:24:24Z INFO CommandSettings] Flag 'commit': 'False'
[2020-10-28 01:24:24Z INFO CommandSettings] Command 'configure': 'True'
[2020-10-28 01:24:24Z INFO Terminal] WRITE LINE: 
[2020-10-28 01:24:24Z INFO Terminal] WRITE LINE: --------------------------------------------------------------------------------
[2020-10-28 01:24:24Z INFO Terminal] WRITE LINE: |        ____ _ _   _   _       _          _        _   _                      |
[2020-10-28 01:24:24Z INFO Terminal] WRITE LINE: |       / ___(_) |_| | | |_   _| |__      / \   ___| |_(_) ___  _ __  ___      |
[2020-10-28 01:24:24Z INFO Terminal] WRITE LINE: |      | |  _| | __| |_| | | | | '_ \    / _ \ / __| __| |/ _ \| '_ \/ __|     |
[2020-10-28 01:24:24Z INFO Terminal] WRITE LINE: |      | |_| | | |_|  _  | |_| | |_) |  / ___ \ (__| |_| | (_) | | | \__ \     |
[2020-10-28 01:24:24Z INFO Terminal] WRITE LINE: |       \____|_|\__|_| |_|\__,_|_.__/  /_/   \_\___|\__|_|\___/|_| |_|___/     |
[2020-10-28 01:24:24Z INFO Terminal] WRITE LINE: |                                                                              |
[2020-10-28 01:24:24Z INFO Terminal] WRITE: |                       
[2020-10-28 01:24:24Z INFO Terminal] WRITE: Self-hosted runner registration
[2020-10-28 01:24:24Z INFO Terminal] WRITE LINE:                         |
[2020-10-28 01:24:24Z INFO Terminal] WRITE LINE: |                                                                              |
[2020-10-28 01:24:24Z INFO Terminal] WRITE LINE: --------------------------------------------------------------------------------
[2020-10-28 01:24:24Z INFO ConfigurationManager] ConfigureAsync
[2020-10-28 01:24:24Z INFO ConfigurationStore] IsConfigured()
[2020-10-28 01:24:24Z INFO ConfigurationStore] IsConfigured: False
[2020-10-28 01:24:24Z INFO ConfigurationManager] Is configured: False
[2020-10-28 01:24:24Z INFO CommandSettings] Arg 'url': 'https://github.com/TheWaterIsAlive/GEBWebstoreV2'
[2020-10-28 01:24:24Z INFO CommandSettings] Remove url from Arg dictionary.
[2020-10-28 01:24:24Z INFO CommandSettings] Arg 'token': '***'
[2020-10-28 01:24:24Z INFO CommandSettings] Remove token from Arg dictionary.
[2020-10-28 01:24:25Z INFO ConfigurationManager] Http response code: OK from 'POST https://api.github.com/actions/runner-registration'
[2020-10-28 01:24:25Z INFO ConfigurationManager] cred retrieved via GitHub auth
[2020-10-28 01:24:25Z INFO RunnerServer] Establish connection with 100 seconds timeout.
[2020-10-28 01:24:25Z INFO GitHubActionsService] Starting operation Location.GetConnectionData
[2020-10-28 01:24:25Z INFO RunnerServer] Establish connection with 60 seconds timeout.
[2020-10-28 01:24:25Z INFO GitHubActionsService] Starting operation Location.GetConnectionData
[2020-10-28 01:24:25Z INFO RunnerServer] Establish connection with 60 seconds timeout.
[2020-10-28 01:24:25Z INFO GitHubActionsService] Starting operation Location.GetConnectionData
[2020-10-28 01:24:27Z INFO GitHubActionsService] Finished operation Location.GetConnectionData
[2020-10-28 01:24:27Z INFO GitHubActionsService] Finished operation Location.GetConnectionData
[2020-10-28 01:24:27Z INFO GitHubActionsService] Finished operation Location.GetConnectionData
[2020-10-28 01:24:27Z INFO Terminal] WRITE LINE: 
[2020-10-28 01:24:27Z INFO ConfigurationManager] Test Connection complete.
[2020-10-28 01:24:27Z INFO HostContext] Well known directory 'Bin': 'C:\Users\User\GEBv2\actions-runner\bin'
[2020-10-28 01:24:27Z INFO HostContext] Well known directory 'Root': 'C:\Users\User\GEBv2\actions-runner'
[2020-10-28 01:24:27Z INFO HostContext] Well known config file 'RSACredentials': 'C:\Users\User\GEBv2\actions-runner\.credentials_rsaparams'
[2020-10-28 01:24:27Z INFO RSAEncryptedFileKeyManager] Creating new RSA key using 2048-bit key length
[2020-10-28 01:24:27Z INFO RSAEncryptedFileKeyManager] Successfully saved RSA key parameters to file C:\Users\User\GEBv2\actions-runner\.credentials_rsaparams
[2020-10-28 01:24:27Z INFO ConfigurationManager] Found a self-hosted runner group with id {1} and name {2} 1, Default
[2020-10-28 01:24:27Z INFO CommandSettings] Arg 'name': ''
[2020-10-28 01:24:27Z INFO CommandSettings] Flag 'unattended': 'False'
[2020-10-28 01:24:27Z INFO PromptManager] ReadValue
[2020-10-28 01:24:27Z INFO Terminal] WRITE: Enter the name of runner: 
[2020-10-28 01:24:27Z INFO Terminal] WRITE: [press Enter for DESKTOP-BA586R9] 
[2020-10-28 01:24:27Z INFO Terminal] READ LINE
[2020-10-28 01:24:58Z INFO Terminal] Read value: ''
[2020-10-28 01:24:58Z INFO PromptManager] Falling back to the default: 'DESKTOP-BA586R9'
[2020-10-28 01:24:58Z INFO Terminal] WRITE LINE: 
[2020-10-28 01:24:58Z INFO CommandSettings] Arg 'labels': ''
[2020-10-28 01:24:58Z INFO CommandSettings] Flag 'unattended': 'False'
[2020-10-28 01:24:58Z INFO PromptManager] ReadValue
[2020-10-28 01:24:58Z INFO Terminal] WRITE: This runner will have the following labels: 'self-hosted', 'Windows', 'X64' 
Enter any additional labels (ex. label-1,label-2): 
[2020-10-28 01:24:58Z INFO Terminal] WRITE: [press Enter to skip] 
[2020-10-28 01:24:58Z INFO Terminal] READ LINE
[2020-10-28 01:25:01Z INFO Terminal] Read value: ''
[2020-10-28 01:25:01Z INFO Terminal] WRITE LINE: 
[2020-10-28 01:25:02Z INFO ConfigurationStore] Saving OAuth credential @ C:\Users\User\GEBv2\actions-runner\.credentials
[2020-10-28 01:25:02Z INFO ConfigurationStore] Credentials Saved.
[2020-10-28 01:25:02Z INFO ConfigurationStore] HasCredentials()
[2020-10-28 01:25:02Z INFO ConfigurationStore] stored True
[2020-10-28 01:25:02Z INFO CredentialManager] GetCredentialProvider
[2020-10-28 01:25:02Z INFO CredentialManager] Creating type OAuth
[2020-10-28 01:25:02Z INFO CredentialManager] Creating credential type: OAuth
[2020-10-28 01:25:02Z INFO RSAEncryptedFileKeyManager] Loading RSA key parameters from file C:\Users\User\GEBv2\actions-runner\.credentials_rsaparams
[2020-10-28 01:25:02Z INFO RunnerServer] Establish connection with 100 seconds timeout.
[2020-10-28 01:25:02Z INFO GitHubActionsService] Starting operation Location.GetConnectionData
[2020-10-28 01:25:02Z INFO RunnerServer] Establish connection with 60 seconds timeout.
[2020-10-28 01:25:02Z INFO GitHubActionsService] Starting operation Location.GetConnectionData
[2020-10-28 01:25:02Z INFO RunnerServer] Establish connection with 60 seconds timeout.
[2020-10-28 01:25:02Z INFO GitHubActionsService] Starting operation Location.GetConnectionData
[2020-10-28 01:25:02Z INFO GitHubActionsService] Finished operation Location.GetConnectionData
[2020-10-28 01:25:03Z INFO GitHubActionsService] Finished operation Location.GetConnectionData
[2020-10-28 01:25:03Z INFO GitHubActionsService] Finished operation Location.GetConnectionData
[2020-10-28 01:25:03Z INFO GitHubActionsService] Starting operation Location.GetConnectionData
[2020-10-28 01:25:03Z INFO GitHubActionsService] Finished operation Location.GetConnectionData
[2020-10-28 01:25:04Z WARN GitHubActionsService] Authentication failed with status code 401.
WWW-Authenticate: Bearer
Strict-Transport-Security: max-age=2592000
X-TFS-ProcessId: 68385eea-ea44-4534-b645-3cbeef62bdfd
ActivityId: b4d200f7-72ec-4f98-b670-1d302b75a35d
X-TFS-Session: 4e456a8c-e7cf-4bca-9fca-0db996bb2967
X-VSS-E2EID: b8bd0daf-ed08-465d-b611-5185cb0f13f3
X-VSS-SenderDeploymentId: 13a19993-c6bc-326c-afb4-32c5519f46f0
X-TFS-ServiceError: The+user+%27System%3aPublicAccess%3baaaaaaaa-aaaa-aaaa-aaaa-aaaaaaaaaaaa%27+is+not+authorized+to+access+this+resource.
X-VSS-S2STargetService: 0000005A-0000-8888-8000-000000000000/visualstudio.com
X-MSEdge-Ref: Ref A: 622DFAE239C94B70A7C2F2198AB09E00 Ref B: AKL30EDGE0109 Ref C: 2020-10-28T01:25:04Z
Date: Wed, 28 Oct 2020 01:25:03 GMT

[2020-10-28 01:25:04Z INFO RSAEncryptedFileKeyManager] Loading RSA key parameters from file C:\Users\User\GEBv2\actions-runner\.credentials_rsaparams
[2020-10-28 01:25:04Z INFO RSAEncryptedFileKeyManager] Loading RSA key parameters from file C:\Users\User\GEBv2\actions-runner\.credentials_rsaparams
[2020-10-28 01:25:05Z INFO GitHubActionsService] AAD Correlation ID for this token request: Unknown
[2020-10-28 01:25:05Z INFO CommandSettings] Arg 'work': ''
[2020-10-28 01:25:05Z INFO CommandSettings] Flag 'unattended': 'False'
[2020-10-28 01:25:05Z INFO PromptManager] ReadValue
[2020-10-28 01:25:05Z INFO Terminal] WRITE: Enter name of work folder: 
[2020-10-28 01:25:05Z INFO Terminal] WRITE: [press Enter for _work] 
[2020-10-28 01:25:05Z INFO Terminal] READ LINE
[2020-10-28 01:25:19Z INFO Terminal] Read value: './run.cmd'
[2020-10-28 01:25:19Z INFO ConfigurationStore] Saving runner settings.
[2020-10-28 01:25:19Z INFO ConfigurationStore] Settings Saved.
[2020-10-28 01:25:19Z INFO Terminal] WRITE LINE: 
[2020-10-28 01:25:19Z INFO Terminal] WRITE LINE: 
[2020-10-28 01:25:19Z INFO CommandSettings] Flag 'runasservice': 'False'
[2020-10-28 01:25:19Z INFO CommandSettings] Flag 'unattended': 'False'
[2020-10-28 01:25:19Z INFO PromptManager] ReadValue
[2020-10-28 01:25:19Z INFO Terminal] WRITE: Would you like to run the runner as service? (Y/N) 
[2020-10-28 01:25:19Z INFO Terminal] WRITE: [press Enter for N] 
[2020-10-28 01:25:19Z INFO Terminal] READ LINE
[2020-10-28 01:25:24Z INFO Terminal] Read value: 'y'
[2020-10-28 01:25:24Z INFO ConfigurationManager] Configuring to run the agent as service
[2020-10-28 01:25:24Z INFO CommandSettings] Arg 'windowslogonaccount': ''
[2020-10-28 01:25:24Z INFO CommandSettings] Flag 'unattended': 'False'
[2020-10-28 01:25:24Z INFO PromptManager] ReadValue
[2020-10-28 01:25:24Z INFO Terminal] WRITE: User account to use for the service 
[2020-10-28 01:25:24Z INFO Terminal] WRITE: [press Enter for NT AUTHORITY\NETWORK SERVICE] 
[2020-10-28 01:25:24Z INFO Terminal] READ LINE
[2020-10-28 01:25:30Z INFO Terminal] Read value: ''
[2020-10-28 01:25:30Z INFO PromptManager] Falling back to the default: 'NT AUTHORITY\NETWORK SERVICE'
[2020-10-28 01:25:30Z INFO WindowsServiceControlManager] LogonAccount after transforming: NT AUTHORITY\NETWORK SERVICE, user: NETWORK SERVICE, domain: NT AUTHORITY
[2020-10-28 01:25:30Z INFO WindowsServiceControlManager] Service name 'actions.runner.TheWaterIsAlive-GEBWebstoreV2.DESKTOP-BA586R9' display name 'GitHub Actions Runner (TheWaterIsAlive-GEBWebstoreV2.DESKTOP-BA586R9)' will be used for service configuration.
[2020-10-28 01:25:32Z INFO WindowsServiceControlManager] Verifying if the account has LogonAsService permission
[2020-10-28 01:25:33Z INFO NativeWindowsServiceHelper] Successfully grant logon as service privilege to account 'NETWORK SERVICE'
[2020-10-28 01:25:33Z INFO WindowsServiceControlManager] Create local group and grant folder permission to service logon account.
[2020-10-28 01:25:33Z INFO HostContext] Well known directory 'Bin': 'C:\Users\User\GEBv2\actions-runner\bin'
[2020-10-28 01:25:33Z INFO HostContext] Well known directory 'Root': 'C:\Users\User\GEBv2\actions-runner'
[2020-10-28 01:25:33Z INFO ConfigurationStore] Read setting file: 313 chars
[2020-10-28 01:25:33Z INFO HostContext] Well known directory 'Bin': 'C:\Users\User\GEBv2\actions-runner\bin'
[2020-10-28 01:25:33Z INFO HostContext] Well known directory 'Root': 'C:\Users\User\GEBv2\actions-runner'
[2020-10-28 01:25:33Z INFO HostContext] Well known directory 'Work': 'C:\Users\User\GEBv2\actions-runner\run.cmd'
[2020-10-28 01:25:33Z ERR  Runner] System.IO.IOException: Cannot create 'C:\Users\User\GEBv2\actions-runner\run.cmd' because a file or directory with the same name already exists.
   at System.IO.FileSystem.CreateDirectory(String fullPath, Byte[] securityDescriptor)
   at System.IO.Directory.CreateDirectory(String path)
   at GitHub.Runner.Listener.Configuration.WindowsServiceControlManager.ConfigureService(RunnerSettings settings, CommandSettings command)
   at GitHub.Runner.Listener.Configuration.ConfigurationManager.ConfigureAsync(CommandSettings command)
   at GitHub.Runner.Listener.Runner.ExecuteCommand(CommandSettings command)
[2020-10-28 01:25:33Z ERR  Terminal] WRITE ERROR: Cannot create 'C:\Users\User\GEBv2\actions-runner\run.cmd' because a file or directory with the same name already exists.
[2020-10-28 01:25:33Z INFO Listener] Runner execution has finished with return code 1
