[2020-10-28 01:25:49Z INFO HostContext] No proxy settings were found based on environmental variables (http_proxy/https_proxy/HTTP_PROXY/HTTPS_PROXY)
[2020-10-28 01:25:49Z INFO HostContext] Well known directory 'Bin': 'C:\Users\User\GEBv2\actions-runner\bin'
[2020-10-28 01:25:49Z INFO HostContext] Well known directory 'Root': 'C:\Users\User\GEBv2\actions-runner'
[2020-10-28 01:25:49Z INFO HostContext] Well known config file 'Credentials': 'C:\Users\User\GEBv2\actions-runner\.credentials'
[2020-10-28 01:25:49Z INFO Listener] Runner is built for Windows (X64) - win-x64.
[2020-10-28 01:25:49Z INFO Listener] RuntimeInformation: Microsoft Windows 10.0.18363.
[2020-10-28 01:25:49Z INFO Listener] Version: 2.273.5
[2020-10-28 01:25:49Z INFO Listener] Commit: a79bab4b3c993a205a2d73d2b618299d8a96bd26
[2020-10-28 01:25:49Z INFO Listener] Culture: en-NZ
[2020-10-28 01:25:49Z INFO Listener] UI Culture: en-GB
[2020-10-28 01:25:49Z INFO HostContext] Well known directory 'Bin': 'C:\Users\User\GEBv2\actions-runner\bin'
[2020-10-28 01:25:49Z INFO HostContext] Well known directory 'Root': 'C:\Users\User\GEBv2\actions-runner'
[2020-10-28 01:25:49Z INFO Listener] Validating directory permissions for: 'C:\Users\User\GEBv2\actions-runner'
[2020-10-28 01:25:49Z INFO CommandLineParser] Parse
[2020-10-28 01:25:49Z INFO CommandLineParser] Parsing 1 args
[2020-10-28 01:25:49Z INFO CommandLineParser] parsing argument
[2020-10-28 01:25:49Z INFO CommandLineParser] HasArgs: False
[2020-10-28 01:25:49Z INFO CommandLineParser] Adding Command: run
[2020-10-28 01:25:49Z INFO Listener] Arguments parsed
[2020-10-28 01:25:49Z INFO Runner] ExecuteCommand
[2020-10-28 01:25:49Z INFO ConfigurationStore] currentAssemblyLocation: C:\Users\User\GEBv2\actions-runner\bin\Runner.Listener.dll
[2020-10-28 01:25:49Z INFO HostContext] Well known directory 'Bin': 'C:\Users\User\GEBv2\actions-runner\bin'
[2020-10-28 01:25:49Z INFO ConfigurationStore] binPath: C:\Users\User\GEBv2\actions-runner\bin
[2020-10-28 01:25:49Z INFO HostContext] Well known directory 'Bin': 'C:\Users\User\GEBv2\actions-runner\bin'
[2020-10-28 01:25:49Z INFO HostContext] Well known directory 'Root': 'C:\Users\User\GEBv2\actions-runner'
[2020-10-28 01:25:49Z INFO ConfigurationStore] RootFolder: C:\Users\User\GEBv2\actions-runner
[2020-10-28 01:25:49Z INFO HostContext] Well known directory 'Bin': 'C:\Users\User\GEBv2\actions-runner\bin'
[2020-10-28 01:25:49Z INFO HostContext] Well known directory 'Root': 'C:\Users\User\GEBv2\actions-runner'
[2020-10-28 01:25:49Z INFO HostContext] Well known config file 'Runner': 'C:\Users\User\GEBv2\actions-runner\.runner'
[2020-10-28 01:25:49Z INFO ConfigurationStore] ConfigFilePath: C:\Users\User\GEBv2\actions-runner\.runner
[2020-10-28 01:25:49Z INFO HostContext] Well known directory 'Bin': 'C:\Users\User\GEBv2\actions-runner\bin'
[2020-10-28 01:25:49Z INFO HostContext] Well known directory 'Root': 'C:\Users\User\GEBv2\actions-runner'
[2020-10-28 01:25:49Z INFO HostContext] Well known config file 'Credentials': 'C:\Users\User\GEBv2\actions-runner\.credentials'
[2020-10-28 01:25:49Z INFO ConfigurationStore] CredFilePath: C:\Users\User\GEBv2\actions-runner\.credentials
[2020-10-28 01:25:49Z INFO HostContext] Well known directory 'Bin': 'C:\Users\User\GEBv2\actions-runner\bin'
[2020-10-28 01:25:49Z INFO HostContext] Well known directory 'Root': 'C:\Users\User\GEBv2\actions-runner'
[2020-10-28 01:25:49Z INFO HostContext] Well known config file 'MigratedCredentials': 'C:\Users\User\GEBv2\actions-runner\.credentials_migrated'
[2020-10-28 01:25:49Z INFO ConfigurationStore] MigratedCredFilePath: C:\Users\User\GEBv2\actions-runner\.credentials_migrated
[2020-10-28 01:25:49Z INFO HostContext] Well known directory 'Bin': 'C:\Users\User\GEBv2\actions-runner\bin'
[2020-10-28 01:25:49Z INFO HostContext] Well known directory 'Root': 'C:\Users\User\GEBv2\actions-runner'
[2020-10-28 01:25:49Z INFO HostContext] Well known config file 'Service': 'C:\Users\User\GEBv2\actions-runner\.service'
[2020-10-28 01:25:49Z INFO ConfigurationStore] ServiceConfigFilePath: C:\Users\User\GEBv2\actions-runner\.service
[2020-10-28 01:25:49Z INFO CommandSettings] Flag 'help': 'False'
[2020-10-28 01:25:49Z INFO CommandSettings] Flag 'version': 'False'
[2020-10-28 01:25:49Z INFO CommandSettings] Flag 'commit': 'False'
[2020-10-28 01:25:49Z INFO CommandSettings] Command 'configure': 'False'
[2020-10-28 01:25:49Z INFO CommandSettings] Command 'remove': 'False'
[2020-10-28 01:25:49Z INFO CommandSettings] Command 'warmup': 'False'
[2020-10-28 01:25:49Z INFO ConfigurationManager] LoadSettings
[2020-10-28 01:25:49Z INFO ConfigurationStore] IsConfigured()
[2020-10-28 01:25:49Z INFO ConfigurationStore] IsConfigured: True
[2020-10-28 01:25:49Z INFO ConfigurationManager] Is configured: True
[2020-10-28 01:25:49Z INFO ConfigurationStore] Read setting file: 313 chars
[2020-10-28 01:25:49Z INFO ConfigurationManager] Settings Loaded
[2020-10-28 01:25:49Z INFO ConfigurationStore] IsServiceConfigured()
[2020-10-28 01:25:49Z INFO ConfigurationStore] IsServiceConfigured: False
[2020-10-28 01:25:49Z INFO CommandSettings] Command 'run': 'True'
[2020-10-28 01:25:49Z INFO ConfigurationStore] IsConfigured()
[2020-10-28 01:25:49Z INFO ConfigurationStore] IsConfigured: True
[2020-10-28 01:25:49Z INFO ConfigurationManager] Is configured: True
[2020-10-28 01:25:49Z INFO Runner] Could not parse the argument value '' for StartupType. Defaulting to Manual
[2020-10-28 01:25:49Z INFO Runner] Set runner startup type - Manual
[2020-10-28 01:25:49Z INFO CommandSettings] Flag 'once': 'False'
[2020-10-28 01:25:49Z INFO Runner] RunAsync
[2020-10-28 01:25:49Z INFO ConfigurationManager] LoadSettings
[2020-10-28 01:25:49Z INFO ConfigurationStore] IsConfigured()
[2020-10-28 01:25:49Z INFO ConfigurationStore] IsConfigured: True
[2020-10-28 01:25:49Z INFO ConfigurationManager] Is configured: True
[2020-10-28 01:25:49Z INFO ConfigurationManager] Settings Loaded
[2020-10-28 01:25:49Z INFO MessageListener] {
  "AgentId": 3,
  "AgentName": "DESKTOP-BA586R9",
  "PoolId": 1,
  "PoolName": "Default",
  "ServerUrl": "https://pipelines.actions.githubusercontent.com/P514vpk5dBeSmTD4gjMvkL6N0lM54bjRbLQ1pUZ0TFdJ3aCim5",
  "GitHubUrl": "https://github.com/TheWaterIsAlive/GEBWebstoreV2",
  "WorkFolder": "./run.cmd"
}
[2020-10-28 01:25:49Z INFO MessageListener] Loading Credentials
[2020-10-28 01:25:49Z INFO ConfigurationStore] HasCredentials()
[2020-10-28 01:25:49Z INFO ConfigurationStore] stored True
[2020-10-28 01:25:49Z INFO CredentialManager] GetCredentialProvider
[2020-10-28 01:25:49Z INFO CredentialManager] Creating type OAuth
[2020-10-28 01:25:49Z INFO CredentialManager] Creating credential type: OAuth
[2020-10-28 01:25:49Z INFO HostContext] Well known directory 'Bin': 'C:\Users\User\GEBv2\actions-runner\bin'
[2020-10-28 01:25:49Z INFO HostContext] Well known directory 'Root': 'C:\Users\User\GEBv2\actions-runner'
[2020-10-28 01:25:49Z INFO HostContext] Well known config file 'RSACredentials': 'C:\Users\User\GEBv2\actions-runner\.credentials_rsaparams'
[2020-10-28 01:25:49Z INFO RSAEncryptedFileKeyManager] Loading RSA key parameters from file C:\Users\User\GEBv2\actions-runner\.credentials_rsaparams
[2020-10-28 01:25:49Z INFO MessageListener] Attempt to create session.
[2020-10-28 01:25:49Z INFO MessageListener] Connecting to the Runner Server...
[2020-10-28 01:25:49Z INFO RunnerServer] Establish connection with 100 seconds timeout.
[2020-10-28 01:25:49Z INFO GitHubActionsService] Starting operation Location.GetConnectionData
[2020-10-28 01:25:49Z INFO RunnerServer] Establish connection with 60 seconds timeout.
[2020-10-28 01:25:49Z INFO GitHubActionsService] Starting operation Location.GetConnectionData
[2020-10-28 01:25:49Z INFO RunnerServer] Establish connection with 60 seconds timeout.
[2020-10-28 01:25:49Z INFO GitHubActionsService] Starting operation Location.GetConnectionData
[2020-10-28 01:25:51Z INFO GitHubActionsService] Finished operation Location.GetConnectionData
[2020-10-28 01:25:51Z INFO GitHubActionsService] Finished operation Location.GetConnectionData
[2020-10-28 01:25:51Z INFO GitHubActionsService] Finished operation Location.GetConnectionData
[2020-10-28 01:25:51Z INFO GitHubActionsService] Starting operation Location.GetConnectionData
[2020-10-28 01:25:51Z INFO GitHubActionsService] Finished operation Location.GetConnectionData
[2020-10-28 01:25:51Z INFO GitHubActionsService] Starting operation Location.GetConnectionData
[2020-10-28 01:25:51Z INFO GitHubActionsService] Finished operation Location.GetConnectionData
[2020-10-28 01:25:51Z INFO GitHubActionsService] Starting operation Location.GetConnectionData
[2020-10-28 01:25:52Z INFO GitHubActionsService] Finished operation Location.GetConnectionData
[2020-10-28 01:25:52Z INFO MessageListener] VssConnection created
[2020-10-28 01:25:52Z INFO Terminal] WRITE LINE: 
[2020-10-28 01:25:52Z INFO Terminal] WRITE LINE: 
[2020-10-28 01:25:52Z WARN GitHubActionsService] Authentication failed with status code 401.
WWW-Authenticate: Bearer
Strict-Transport-Security: max-age=2592000
X-TFS-ProcessId: 68385eea-ea44-4534-b645-3cbeef62bdfd
ActivityId: b4d275d8-72ec-4f98-b670-1d302b75a35d
X-TFS-Session: cadb3ddd-e1ed-4356-abf0-3bc934e8e7ec
X-VSS-E2EID: a8a4d6e8-1638-46c7-be19-690926ccbd77
X-VSS-SenderDeploymentId: 13a19993-c6bc-326c-afb4-32c5519f46f0
X-TFS-ServiceError: The+user+%27System%3aPublicAccess%3baaaaaaaa-aaaa-aaaa-aaaa-aaaaaaaaaaaa%27+is+not+authorized+to+access+this+resource.
X-VSS-S2STargetService: 0000005A-0000-8888-8000-000000000000/visualstudio.com
X-MSEdge-Ref: Ref A: ADC7E40DD7E3424D9BC5F39A583C4723 Ref B: AKL30EDGE0113 Ref C: 2020-10-28T01:25:52Z
Date: Wed, 28 Oct 2020 01:25:51 GMT

[2020-10-28 01:25:52Z INFO RSAEncryptedFileKeyManager] Loading RSA key parameters from file C:\Users\User\GEBv2\actions-runner\.credentials_rsaparams
[2020-10-28 01:25:52Z INFO RSAEncryptedFileKeyManager] Loading RSA key parameters from file C:\Users\User\GEBv2\actions-runner\.credentials_rsaparams
[2020-10-28 01:25:53Z INFO GitHubActionsService] AAD Correlation ID for this token request: Unknown
[2020-10-28 01:25:54Z INFO MessageListener] Session created.
[2020-10-28 01:25:54Z INFO Terminal] WRITE LINE: 2020-10-28 01:25:54Z: Listening for Jobs
[2020-10-28 01:25:54Z INFO JobDispatcher] Set runner/worker IPC timeout to 30 seconds.
[2020-10-28 01:35:33Z INFO RSAEncryptedFileKeyManager] Loading RSA key parameters from file C:\Users\User\GEBv2\actions-runner\.credentials_rsaparams
[2020-10-28 01:35:33Z INFO MessageListener] Message '1' received from session 'e1f0a50e-3be6-4d7b-9a04-edad204aa1ff'.
[2020-10-28 01:35:33Z INFO JobDispatcher] Job request 4 for plan 139dadb8-1a60-48d3-b327-06d1c31fdbc8 job a9a345e6-1106-5aaa-6fe5-f842db892828 received.
[2020-10-28 01:35:33Z INFO JobDispatcher] Pull OrchestrationId 139dadb8-1a60-48d3-b327-06d1c31fdbc8.build._12_x from JWT claims
[2020-10-28 01:35:33Z INFO Terminal] WRITE LINE: 2020-10-28 01:35:33Z: Running job: build (12.x)
[2020-10-28 01:35:33Z INFO JobDispatcher] Start renew job request 4 for job a9a345e6-1106-5aaa-6fe5-f842db892828.
[2020-10-28 01:35:34Z INFO JobDispatcher] Successfully renew job request 4, job is valid till 28/10/2020 1:45:34 AM
[2020-10-28 01:35:34Z INFO HostContext] Well known directory 'Bin': 'C:\Users\User\GEBv2\actions-runner\bin'
[2020-10-28 01:35:34Z INFO ProcessInvokerWrapper] Starting process:
[2020-10-28 01:35:34Z INFO ProcessInvokerWrapper]   File name: 'C:\Users\User\GEBv2\actions-runner\bin\Runner.Worker.exe'
[2020-10-28 01:35:34Z INFO ProcessInvokerWrapper]   Arguments: 'spawnclient 2360 2372'
[2020-10-28 01:35:34Z INFO ProcessInvokerWrapper]   Working directory: 'C:\Users\User\GEBv2\actions-runner\bin'
[2020-10-28 01:35:34Z INFO ProcessInvokerWrapper]   Require exit code zero: 'False'
[2020-10-28 01:35:34Z INFO ProcessInvokerWrapper]   Encoding web name:  ; code page: ''
[2020-10-28 01:35:34Z INFO ProcessInvokerWrapper]   Force kill process on cancellation: 'True'
[2020-10-28 01:35:34Z INFO ProcessInvokerWrapper]   Redirected STDIN: 'False'
[2020-10-28 01:35:34Z INFO ProcessInvokerWrapper]   Persist current code page: 'False'
[2020-10-28 01:35:34Z INFO ProcessInvokerWrapper]   Keep redirected STDIN open: 'False'
[2020-10-28 01:35:34Z INFO ProcessInvokerWrapper]   High priority process: 'True'
[2020-10-28 01:35:34Z INFO ProcessInvokerWrapper] Process started with process id 4520, waiting for process exit.
[2020-10-28 01:35:34Z INFO JobDispatcher] Send job request message to worker for job a9a345e6-1106-5aaa-6fe5-f842db892828.
[2020-10-28 01:35:36Z INFO JobNotification] Entering JobStarted Notification
[2020-10-28 01:35:36Z INFO JobNotification] Entering StartMonitor
[2020-10-28 01:35:40Z INFO ProcessInvokerWrapper] STDOUT/STDERR stream read finished.
[2020-10-28 01:35:40Z INFO ProcessInvokerWrapper] STDOUT/STDERR stream read finished.
[2020-10-28 01:35:40Z INFO ProcessInvokerWrapper] Finished process 4520 with exit code 102, and elapsed time 00:00:05.8973501.
[2020-10-28 01:35:40Z INFO JobDispatcher] Worker finished for job a9a345e6-1106-5aaa-6fe5-f842db892828. Code: 102
[2020-10-28 01:35:40Z INFO JobDispatcher] finish job request for job a9a345e6-1106-5aaa-6fe5-f842db892828 with result: Failed
[2020-10-28 01:35:40Z INFO Terminal] WRITE LINE: 2020-10-28 01:35:40Z: Job build (12.x) completed with result: Failed
[2020-10-28 01:35:40Z INFO JobDispatcher] Stop renew job request for job a9a345e6-1106-5aaa-6fe5-f842db892828.
[2020-10-28 01:35:40Z INFO JobDispatcher] job renew has been canceled, stop renew job request 4.
[2020-10-28 01:35:40Z INFO JobNotification] Entering JobCompleted Notification
[2020-10-28 01:35:40Z INFO JobNotification] Entering EndMonitor
[2020-10-28 01:35:42Z INFO RSAEncryptedFileKeyManager] Loading RSA key parameters from file C:\Users\User\GEBv2\actions-runner\.credentials_rsaparams
[2020-10-28 01:35:42Z INFO MessageListener] Message '2' received from session 'e1f0a50e-3be6-4d7b-9a04-edad204aa1ff'.
[2020-10-28 01:35:42Z INFO JobDispatcher] Job request 5 for plan 139dadb8-1a60-48d3-b327-06d1c31fdbc8 job 1688b4be-3760-56c4-0657-72178d884855 received.
[2020-10-28 01:35:42Z INFO JobDispatcher] Pull OrchestrationId 139dadb8-1a60-48d3-b327-06d1c31fdbc8.build._10_x from JWT claims
[2020-10-28 01:35:42Z INFO JobDispatcher] Job request a9a345e6-1106-5aaa-6fe5-f842db892828 processed succeed.
[2020-10-28 01:35:42Z INFO Terminal] WRITE LINE: 2020-10-28 01:35:42Z: Running job: build (10.x)
[2020-10-28 01:35:42Z INFO JobDispatcher] Start renew job request 5 for job 1688b4be-3760-56c4-0657-72178d884855.
[2020-10-28 01:35:43Z INFO JobDispatcher] Successfully renew job request 5, job is valid till 28/10/2020 1:45:43 AM
[2020-10-28 01:35:43Z INFO HostContext] Well known directory 'Bin': 'C:\Users\User\GEBv2\actions-runner\bin'
[2020-10-28 01:35:43Z INFO ProcessInvokerWrapper] Starting process:
[2020-10-28 01:35:43Z INFO ProcessInvokerWrapper]   File name: 'C:\Users\User\GEBv2\actions-runner\bin\Runner.Worker.exe'
[2020-10-28 01:35:43Z INFO ProcessInvokerWrapper]   Arguments: 'spawnclient 2404 2300'
[2020-10-28 01:35:43Z INFO ProcessInvokerWrapper]   Working directory: 'C:\Users\User\GEBv2\actions-runner\bin'
[2020-10-28 01:35:43Z INFO ProcessInvokerWrapper]   Require exit code zero: 'False'
[2020-10-28 01:35:43Z INFO ProcessInvokerWrapper]   Encoding web name:  ; code page: ''
[2020-10-28 01:35:43Z INFO ProcessInvokerWrapper]   Force kill process on cancellation: 'True'
[2020-10-28 01:35:43Z INFO ProcessInvokerWrapper]   Redirected STDIN: 'False'
[2020-10-28 01:35:43Z INFO ProcessInvokerWrapper]   Persist current code page: 'False'
[2020-10-28 01:35:43Z INFO ProcessInvokerWrapper]   Keep redirected STDIN open: 'False'
[2020-10-28 01:35:43Z INFO ProcessInvokerWrapper]   High priority process: 'True'
[2020-10-28 01:35:43Z INFO ProcessInvokerWrapper] Process started with process id 9720, waiting for process exit.
[2020-10-28 01:35:43Z INFO JobDispatcher] Send job request message to worker for job 1688b4be-3760-56c4-0657-72178d884855.
[2020-10-28 01:35:43Z INFO JobNotification] Entering JobStarted Notification
[2020-10-28 01:35:43Z INFO JobNotification] Entering StartMonitor
[2020-10-28 01:35:45Z INFO RSAEncryptedFileKeyManager] Loading RSA key parameters from file C:\Users\User\GEBv2\actions-runner\.credentials_rsaparams
[2020-10-28 01:35:45Z INFO MessageListener] Message '3' received from session 'e1f0a50e-3be6-4d7b-9a04-edad204aa1ff'.
[2020-10-28 01:35:45Z INFO JobDispatcher] Job cancellation request 1688b4be-3760-56c4-0657-72178d884855 received, cancellation timeout 5 minutes.
[2020-10-28 01:35:45Z INFO JobDispatcher] Send job cancellation message to worker for job 1688b4be-3760-56c4-0657-72178d884855.
[2020-10-28 01:35:47Z INFO ProcessInvokerWrapper] STDOUT/STDERR stream read finished.
[2020-10-28 01:35:47Z INFO ProcessInvokerWrapper] STDOUT/STDERR stream read finished.
[2020-10-28 01:35:47Z INFO ProcessInvokerWrapper] Finished process 9720 with exit code 102, and elapsed time 00:00:04.6420875.
[2020-10-28 01:35:47Z INFO JobDispatcher] finish job request for job 1688b4be-3760-56c4-0657-72178d884855 with result: Canceled
[2020-10-28 01:35:47Z INFO Terminal] WRITE LINE: 2020-10-28 01:35:47Z: Job build (10.x) completed with result: Canceled
[2020-10-28 01:35:47Z INFO JobDispatcher] Stop renew job request for job 1688b4be-3760-56c4-0657-72178d884855.
[2020-10-28 01:35:47Z INFO JobDispatcher] job renew has been canceled, stop renew job request 5.
[2020-10-28 01:35:47Z INFO JobNotification] Entering JobCompleted Notification
[2020-10-28 01:35:47Z INFO JobNotification] Entering EndMonitor
[2020-10-28 01:38:02Z INFO RSAEncryptedFileKeyManager] Loading RSA key parameters from file C:\Users\User\GEBv2\actions-runner\.credentials_rsaparams
[2020-10-28 01:38:02Z INFO MessageListener] Message '4' received from session 'e1f0a50e-3be6-4d7b-9a04-edad204aa1ff'.
[2020-10-28 01:38:02Z INFO JobDispatcher] Job request 7 for plan 27641b7a-d83a-4868-8f6a-3c33e704c9cc job 1688b4be-3760-56c4-0657-72178d884855 received.
[2020-10-28 01:38:02Z INFO JobDispatcher] Pull OrchestrationId 27641b7a-d83a-4868-8f6a-3c33e704c9cc.build._10_x from JWT claims
[2020-10-28 01:38:02Z INFO JobDispatcher] Job request 1688b4be-3760-56c4-0657-72178d884855 processed succeed.
[2020-10-28 01:38:02Z INFO Terminal] WRITE LINE: 2020-10-28 01:38:02Z: Running job: build (10.x)
[2020-10-28 01:38:02Z INFO JobDispatcher] Start renew job request 7 for job 1688b4be-3760-56c4-0657-72178d884855.
[2020-10-28 01:38:04Z INFO JobDispatcher] Successfully renew job request 7, job is valid till 28/10/2020 1:48:03 AM
[2020-10-28 01:38:04Z INFO HostContext] Well known directory 'Bin': 'C:\Users\User\GEBv2\actions-runner\bin'
[2020-10-28 01:38:04Z INFO ProcessInvokerWrapper] Starting process:
[2020-10-28 01:38:04Z INFO ProcessInvokerWrapper]   File name: 'C:\Users\User\GEBv2\actions-runner\bin\Runner.Worker.exe'
[2020-10-28 01:38:04Z INFO ProcessInvokerWrapper]   Arguments: 'spawnclient 2424 2412'
[2020-10-28 01:38:04Z INFO ProcessInvokerWrapper]   Working directory: 'C:\Users\User\GEBv2\actions-runner\bin'
[2020-10-28 01:38:04Z INFO ProcessInvokerWrapper]   Require exit code zero: 'False'
[2020-10-28 01:38:04Z INFO ProcessInvokerWrapper]   Encoding web name:  ; code page: ''
[2020-10-28 01:38:04Z INFO ProcessInvokerWrapper]   Force kill process on cancellation: 'True'
[2020-10-28 01:38:04Z INFO ProcessInvokerWrapper]   Redirected STDIN: 'False'
[2020-10-28 01:38:04Z INFO ProcessInvokerWrapper]   Persist current code page: 'False'
[2020-10-28 01:38:04Z INFO ProcessInvokerWrapper]   Keep redirected STDIN open: 'False'
[2020-10-28 01:38:04Z INFO ProcessInvokerWrapper]   High priority process: 'True'
[2020-10-28 01:38:04Z INFO ProcessInvokerWrapper] Process started with process id 10304, waiting for process exit.
[2020-10-28 01:38:04Z INFO JobDispatcher] Send job request message to worker for job 1688b4be-3760-56c4-0657-72178d884855.
[2020-10-28 01:38:04Z INFO JobNotification] Entering JobStarted Notification
[2020-10-28 01:38:04Z INFO JobNotification] Entering StartMonitor
[2020-10-28 01:38:08Z INFO ProcessInvokerWrapper] STDOUT/STDERR stream read finished.
[2020-10-28 01:38:08Z INFO ProcessInvokerWrapper] STDOUT/STDERR stream read finished.
[2020-10-28 01:38:08Z INFO ProcessInvokerWrapper] Finished process 10304 with exit code 102, and elapsed time 00:00:04.5793583.
[2020-10-28 01:38:08Z INFO JobDispatcher] Worker finished for job 1688b4be-3760-56c4-0657-72178d884855. Code: 102
[2020-10-28 01:38:08Z INFO JobDispatcher] finish job request for job 1688b4be-3760-56c4-0657-72178d884855 with result: Failed
[2020-10-28 01:38:08Z INFO Terminal] WRITE LINE: 2020-10-28 01:38:08Z: Job build (10.x) completed with result: Failed
[2020-10-28 01:38:08Z INFO JobDispatcher] Stop renew job request for job 1688b4be-3760-56c4-0657-72178d884855.
[2020-10-28 01:38:08Z INFO JobDispatcher] job renew has been canceled, stop renew job request 7.
[2020-10-28 01:38:08Z INFO JobNotification] Entering JobCompleted Notification
[2020-10-28 01:38:08Z INFO JobNotification] Entering EndMonitor
[2020-10-28 01:38:10Z INFO RSAEncryptedFileKeyManager] Loading RSA key parameters from file C:\Users\User\GEBv2\actions-runner\.credentials_rsaparams
[2020-10-28 01:38:10Z INFO MessageListener] Message '5' received from session 'e1f0a50e-3be6-4d7b-9a04-edad204aa1ff'.
[2020-10-28 01:38:10Z INFO JobDispatcher] Job request 8 for plan 27641b7a-d83a-4868-8f6a-3c33e704c9cc job 006c7e6f-00a1-57ff-4d9c-5871960fc9e4 received.
[2020-10-28 01:38:10Z INFO JobDispatcher] Pull OrchestrationId 27641b7a-d83a-4868-8f6a-3c33e704c9cc.build._14_x from JWT claims
[2020-10-28 01:38:10Z INFO JobDispatcher] Job request 1688b4be-3760-56c4-0657-72178d884855 processed succeed.
[2020-10-28 01:38:10Z INFO Terminal] WRITE LINE: 2020-10-28 01:38:10Z: Running job: build (14.x)
[2020-10-28 01:38:10Z INFO JobDispatcher] Start renew job request 8 for job 006c7e6f-00a1-57ff-4d9c-5871960fc9e4.
[2020-10-28 01:38:11Z INFO JobDispatcher] Successfully renew job request 8, job is valid till 28/10/2020 1:48:11 AM
[2020-10-28 01:38:11Z INFO HostContext] Well known directory 'Bin': 'C:\Users\User\GEBv2\actions-runner\bin'
[2020-10-28 01:38:11Z INFO ProcessInvokerWrapper] Starting process:
[2020-10-28 01:38:11Z INFO ProcessInvokerWrapper]   File name: 'C:\Users\User\GEBv2\actions-runner\bin\Runner.Worker.exe'
[2020-10-28 01:38:11Z INFO ProcessInvokerWrapper]   Arguments: 'spawnclient 1528 2564'
[2020-10-28 01:38:11Z INFO ProcessInvokerWrapper]   Working directory: 'C:\Users\User\GEBv2\actions-runner\bin'
[2020-10-28 01:38:11Z INFO ProcessInvokerWrapper]   Require exit code zero: 'False'
[2020-10-28 01:38:11Z INFO ProcessInvokerWrapper]   Encoding web name:  ; code page: ''
[2020-10-28 01:38:11Z INFO ProcessInvokerWrapper]   Force kill process on cancellation: 'True'
[2020-10-28 01:38:11Z INFO ProcessInvokerWrapper]   Redirected STDIN: 'False'
[2020-10-28 01:38:11Z INFO ProcessInvokerWrapper]   Persist current code page: 'False'
[2020-10-28 01:38:11Z INFO ProcessInvokerWrapper]   Keep redirected STDIN open: 'False'
[2020-10-28 01:38:11Z INFO ProcessInvokerWrapper]   High priority process: 'True'
[2020-10-28 01:38:11Z INFO ProcessInvokerWrapper] Process started with process id 3132, waiting for process exit.
[2020-10-28 01:38:11Z INFO JobDispatcher] Send job request message to worker for job 006c7e6f-00a1-57ff-4d9c-5871960fc9e4.
[2020-10-28 01:38:11Z INFO JobNotification] Entering JobStarted Notification
[2020-10-28 01:38:11Z INFO JobNotification] Entering StartMonitor
[2020-10-28 01:38:13Z INFO RSAEncryptedFileKeyManager] Loading RSA key parameters from file C:\Users\User\GEBv2\actions-runner\.credentials_rsaparams
[2020-10-28 01:38:13Z INFO MessageListener] Message '6' received from session 'e1f0a50e-3be6-4d7b-9a04-edad204aa1ff'.
[2020-10-28 01:38:13Z INFO JobDispatcher] Job cancellation request 006c7e6f-00a1-57ff-4d9c-5871960fc9e4 received, cancellation timeout 5 minutes.
[2020-10-28 01:38:13Z INFO JobDispatcher] Send job cancellation message to worker for job 006c7e6f-00a1-57ff-4d9c-5871960fc9e4.
[2020-10-28 01:38:15Z INFO ProcessInvokerWrapper] STDOUT/STDERR stream read finished.
[2020-10-28 01:38:15Z INFO ProcessInvokerWrapper] STDOUT/STDERR stream read finished.
[2020-10-28 01:38:15Z INFO ProcessInvokerWrapper] Finished process 3132 with exit code 102, and elapsed time 00:00:04.1881441.
[2020-10-28 01:38:15Z INFO JobDispatcher] finish job request for job 006c7e6f-00a1-57ff-4d9c-5871960fc9e4 with result: Canceled
[2020-10-28 01:38:15Z INFO Terminal] WRITE LINE: 2020-10-28 01:38:15Z: Job build (14.x) completed with result: Canceled
[2020-10-28 01:38:15Z INFO JobDispatcher] Stop renew job request for job 006c7e6f-00a1-57ff-4d9c-5871960fc9e4.
[2020-10-28 01:38:15Z INFO JobDispatcher] job renew has been canceled, stop renew job request 8.
[2020-10-28 01:38:15Z INFO JobNotification] Entering JobCompleted Notification
[2020-10-28 01:38:15Z INFO JobNotification] Entering EndMonitor
[2020-10-28 01:40:10Z INFO RSAEncryptedFileKeyManager] Loading RSA key parameters from file C:\Users\User\GEBv2\actions-runner\.credentials_rsaparams
[2020-10-28 01:40:10Z INFO MessageListener] Message '7' received from session 'e1f0a50e-3be6-4d7b-9a04-edad204aa1ff'.
[2020-10-28 01:40:10Z INFO JobDispatcher] Job request 10 for plan da44654e-b850-41d6-9489-57077bcbf441 job 006c7e6f-00a1-57ff-4d9c-5871960fc9e4 received.
[2020-10-28 01:40:10Z INFO JobDispatcher] Pull OrchestrationId da44654e-b850-41d6-9489-57077bcbf441.build._14_x from JWT claims
[2020-10-28 01:40:10Z INFO JobDispatcher] Job request 006c7e6f-00a1-57ff-4d9c-5871960fc9e4 processed succeed.
[2020-10-28 01:40:10Z INFO Terminal] WRITE LINE: 2020-10-28 01:40:10Z: Running job: build (14.x)
[2020-10-28 01:40:10Z INFO JobDispatcher] Start renew job request 10 for job 006c7e6f-00a1-57ff-4d9c-5871960fc9e4.
[2020-10-28 01:40:12Z INFO JobDispatcher] Successfully renew job request 10, job is valid till 28/10/2020 1:50:11 AM
[2020-10-28 01:40:12Z INFO HostContext] Well known directory 'Bin': 'C:\Users\User\GEBv2\actions-runner\bin'
[2020-10-28 01:40:12Z INFO ProcessInvokerWrapper] Starting process:
[2020-10-28 01:40:12Z INFO ProcessInvokerWrapper]   File name: 'C:\Users\User\GEBv2\actions-runner\bin\Runner.Worker.exe'
[2020-10-28 01:40:12Z INFO ProcessInvokerWrapper]   Arguments: 'spawnclient 2512 2276'
[2020-10-28 01:40:12Z INFO ProcessInvokerWrapper]   Working directory: 'C:\Users\User\GEBv2\actions-runner\bin'
[2020-10-28 01:40:12Z INFO ProcessInvokerWrapper]   Require exit code zero: 'False'
[2020-10-28 01:40:12Z INFO ProcessInvokerWrapper]   Encoding web name:  ; code page: ''
[2020-10-28 01:40:12Z INFO ProcessInvokerWrapper]   Force kill process on cancellation: 'True'
[2020-10-28 01:40:12Z INFO ProcessInvokerWrapper]   Redirected STDIN: 'False'
[2020-10-28 01:40:12Z INFO ProcessInvokerWrapper]   Persist current code page: 'False'
[2020-10-28 01:40:12Z INFO ProcessInvokerWrapper]   Keep redirected STDIN open: 'False'
[2020-10-28 01:40:12Z INFO ProcessInvokerWrapper]   High priority process: 'True'
[2020-10-28 01:40:12Z INFO ProcessInvokerWrapper] Process started with process id 6596, waiting for process exit.
[2020-10-28 01:40:12Z INFO JobDispatcher] Send job request message to worker for job 006c7e6f-00a1-57ff-4d9c-5871960fc9e4.
[2020-10-28 01:40:12Z INFO JobNotification] Entering JobStarted Notification
[2020-10-28 01:40:12Z INFO JobNotification] Entering StartMonitor
[2020-10-28 01:41:12Z INFO JobDispatcher] Successfully renew job request 10, job is valid till 28/10/2020 1:51:12 AM
[2020-10-28 01:42:12Z INFO JobDispatcher] Successfully renew job request 10, job is valid till 28/10/2020 1:52:12 AM
[2020-10-28 01:42:36Z INFO ProcessInvokerWrapper] STDOUT/STDERR stream read finished.
[2020-10-28 01:42:36Z INFO ProcessInvokerWrapper] STDOUT/STDERR stream read finished.
[2020-10-28 01:42:36Z INFO ProcessInvokerWrapper] Finished process 6596 with exit code 102, and elapsed time 00:02:24.4149526.
[2020-10-28 01:42:36Z INFO JobDispatcher] Worker finished for job 006c7e6f-00a1-57ff-4d9c-5871960fc9e4. Code: 102
[2020-10-28 01:42:36Z INFO JobDispatcher] finish job request for job 006c7e6f-00a1-57ff-4d9c-5871960fc9e4 with result: Failed
[2020-10-28 01:42:36Z INFO Terminal] WRITE LINE: 2020-10-28 01:42:36Z: Job build (14.x) completed with result: Failed
[2020-10-28 01:42:36Z INFO JobDispatcher] Stop renew job request for job 006c7e6f-00a1-57ff-4d9c-5871960fc9e4.
[2020-10-28 01:42:36Z INFO JobDispatcher] job renew has been canceled, stop renew job request 10.
[2020-10-28 01:42:36Z INFO JobNotification] Entering JobCompleted Notification
[2020-10-28 01:42:36Z INFO JobNotification] Entering EndMonitor
[2020-10-28 01:42:38Z INFO RSAEncryptedFileKeyManager] Loading RSA key parameters from file C:\Users\User\GEBv2\actions-runner\.credentials_rsaparams
[2020-10-28 01:42:38Z INFO MessageListener] Message '8' received from session 'e1f0a50e-3be6-4d7b-9a04-edad204aa1ff'.
[2020-10-28 01:42:38Z INFO JobDispatcher] Job request 11 for plan da44654e-b850-41d6-9489-57077bcbf441 job a9a345e6-1106-5aaa-6fe5-f842db892828 received.
[2020-10-28 01:42:38Z INFO JobDispatcher] Pull OrchestrationId da44654e-b850-41d6-9489-57077bcbf441.build._12_x from JWT claims
[2020-10-28 01:42:38Z INFO JobDispatcher] Job request 006c7e6f-00a1-57ff-4d9c-5871960fc9e4 processed succeed.
[2020-10-28 01:42:38Z INFO Terminal] WRITE LINE: 2020-10-28 01:42:38Z: Running job: build (12.x)
[2020-10-28 01:42:38Z INFO JobDispatcher] Start renew job request 11 for job a9a345e6-1106-5aaa-6fe5-f842db892828.
[2020-10-28 01:42:38Z INFO JobDispatcher] Successfully renew job request 11, job is valid till 28/10/2020 1:52:38 AM
[2020-10-28 01:42:38Z INFO HostContext] Well known directory 'Bin': 'C:\Users\User\GEBv2\actions-runner\bin'
[2020-10-28 01:42:38Z INFO ProcessInvokerWrapper] Starting process:
[2020-10-28 01:42:38Z INFO ProcessInvokerWrapper]   File name: 'C:\Users\User\GEBv2\actions-runner\bin\Runner.Worker.exe'
[2020-10-28 01:42:38Z INFO ProcessInvokerWrapper]   Arguments: 'spawnclient 2224 2476'
[2020-10-28 01:42:38Z INFO ProcessInvokerWrapper]   Working directory: 'C:\Users\User\GEBv2\actions-runner\bin'
[2020-10-28 01:42:38Z INFO ProcessInvokerWrapper]   Require exit code zero: 'False'
[2020-10-28 01:42:38Z INFO ProcessInvokerWrapper]   Encoding web name:  ; code page: ''
[2020-10-28 01:42:38Z INFO ProcessInvokerWrapper]   Force kill process on cancellation: 'True'
[2020-10-28 01:42:38Z INFO ProcessInvokerWrapper]   Redirected STDIN: 'False'
[2020-10-28 01:42:38Z INFO ProcessInvokerWrapper]   Persist current code page: 'False'
[2020-10-28 01:42:38Z INFO ProcessInvokerWrapper]   Keep redirected STDIN open: 'False'
[2020-10-28 01:42:38Z INFO ProcessInvokerWrapper]   High priority process: 'True'
[2020-10-28 01:42:38Z INFO ProcessInvokerWrapper] Process started with process id 11084, waiting for process exit.
[2020-10-28 01:42:38Z INFO JobDispatcher] Send job request message to worker for job a9a345e6-1106-5aaa-6fe5-f842db892828.
[2020-10-28 01:42:39Z INFO JobNotification] Entering JobStarted Notification
[2020-10-28 01:42:39Z INFO JobNotification] Entering StartMonitor
[2020-10-28 01:42:41Z INFO RSAEncryptedFileKeyManager] Loading RSA key parameters from file C:\Users\User\GEBv2\actions-runner\.credentials_rsaparams
[2020-10-28 01:42:41Z INFO MessageListener] Message '9' received from session 'e1f0a50e-3be6-4d7b-9a04-edad204aa1ff'.
[2020-10-28 01:42:41Z INFO JobDispatcher] Job cancellation request a9a345e6-1106-5aaa-6fe5-f842db892828 received, cancellation timeout 5 minutes.
[2020-10-28 01:42:41Z INFO JobDispatcher] Send job cancellation message to worker for job a9a345e6-1106-5aaa-6fe5-f842db892828.
[2020-10-28 01:43:15Z INFO ProcessInvokerWrapper] STDOUT/STDERR stream read finished.
[2020-10-28 01:43:15Z INFO ProcessInvokerWrapper] STDOUT/STDERR stream read finished.
[2020-10-28 01:43:15Z INFO ProcessInvokerWrapper] Finished process 11084 with exit code 103, and elapsed time 00:00:36.9728375.
[2020-10-28 01:43:15Z INFO JobDispatcher] finish job request for job a9a345e6-1106-5aaa-6fe5-f842db892828 with result: Canceled
[2020-10-28 01:43:15Z INFO Terminal] WRITE LINE: 2020-10-28 01:43:15Z: Job build (12.x) completed with result: Canceled
[2020-10-28 01:43:15Z INFO JobDispatcher] Stop renew job request for job a9a345e6-1106-5aaa-6fe5-f842db892828.
[2020-10-28 01:43:15Z INFO JobDispatcher] job renew has been canceled, stop renew job request 11.
[2020-10-28 01:43:15Z INFO JobNotification] Entering JobCompleted Notification
[2020-10-28 01:43:15Z INFO JobNotification] Entering EndMonitor
[2020-10-28 01:45:38Z INFO RSAEncryptedFileKeyManager] Loading RSA key parameters from file C:\Users\User\GEBv2\actions-runner\.credentials_rsaparams
[2020-10-28 01:45:38Z INFO MessageListener] Message '10' received from session 'e1f0a50e-3be6-4d7b-9a04-edad204aa1ff'.
[2020-10-28 01:45:38Z INFO JobDispatcher] Job request 13 for plan a8a466ff-0500-4132-b41a-07569374eaa4 job 006c7e6f-00a1-57ff-4d9c-5871960fc9e4 received.
[2020-10-28 01:45:38Z INFO JobDispatcher] Pull OrchestrationId a8a466ff-0500-4132-b41a-07569374eaa4.build._14_x from JWT claims
[2020-10-28 01:45:38Z INFO JobDispatcher] Job request a9a345e6-1106-5aaa-6fe5-f842db892828 processed succeed.
[2020-10-28 01:45:38Z INFO Terminal] WRITE LINE: 2020-10-28 01:45:38Z: Running job: build (14.x)
[2020-10-28 01:45:38Z INFO JobDispatcher] Start renew job request 13 for job 006c7e6f-00a1-57ff-4d9c-5871960fc9e4.
[2020-10-28 01:45:39Z INFO JobDispatcher] Successfully renew job request 13, job is valid till 28/10/2020 1:55:39 AM
[2020-10-28 01:45:39Z INFO HostContext] Well known directory 'Bin': 'C:\Users\User\GEBv2\actions-runner\bin'
[2020-10-28 01:45:39Z INFO ProcessInvokerWrapper] Starting process:
[2020-10-28 01:45:39Z INFO ProcessInvokerWrapper]   File name: 'C:\Users\User\GEBv2\actions-runner\bin\Runner.Worker.exe'
[2020-10-28 01:45:39Z INFO ProcessInvokerWrapper]   Arguments: 'spawnclient 2184 2564'
[2020-10-28 01:45:39Z INFO ProcessInvokerWrapper]   Working directory: 'C:\Users\User\GEBv2\actions-runner\bin'
[2020-10-28 01:45:39Z INFO ProcessInvokerWrapper]   Require exit code zero: 'False'
[2020-10-28 01:45:39Z INFO ProcessInvokerWrapper]   Encoding web name:  ; code page: ''
[2020-10-28 01:45:39Z INFO ProcessInvokerWrapper]   Force kill process on cancellation: 'True'
[2020-10-28 01:45:39Z INFO ProcessInvokerWrapper]   Redirected STDIN: 'False'
[2020-10-28 01:45:39Z INFO ProcessInvokerWrapper]   Persist current code page: 'False'
[2020-10-28 01:45:39Z INFO ProcessInvokerWrapper]   Keep redirected STDIN open: 'False'
[2020-10-28 01:45:39Z INFO ProcessInvokerWrapper]   High priority process: 'True'
[2020-10-28 01:45:39Z INFO ProcessInvokerWrapper] Process started with process id 9752, waiting for process exit.
[2020-10-28 01:45:39Z INFO JobDispatcher] Send job request message to worker for job 006c7e6f-00a1-57ff-4d9c-5871960fc9e4.
[2020-10-28 01:45:39Z INFO JobNotification] Entering JobStarted Notification
[2020-10-28 01:45:39Z INFO JobNotification] Entering StartMonitor
[2020-10-28 01:46:39Z INFO JobDispatcher] Successfully renew job request 13, job is valid till 28/10/2020 1:56:39 AM
[2020-10-28 01:47:40Z INFO JobDispatcher] Successfully renew job request 13, job is valid till 28/10/2020 1:57:39 AM
[2020-10-28 01:48:40Z INFO JobDispatcher] Successfully renew job request 13, job is valid till 28/10/2020 1:58:40 AM
[2020-10-28 01:49:40Z INFO JobDispatcher] Successfully renew job request 13, job is valid till 28/10/2020 1:59:40 AM
[2020-10-28 01:50:41Z INFO JobDispatcher] Successfully renew job request 13, job is valid till 28/10/2020 2:00:41 AM
[2020-10-28 01:51:41Z INFO JobDispatcher] Successfully renew job request 13, job is valid till 28/10/2020 2:01:41 AM
[2020-10-28 01:52:42Z INFO JobDispatcher] Successfully renew job request 13, job is valid till 28/10/2020 2:02:42 AM
[2020-10-28 01:53:42Z INFO JobDispatcher] Successfully renew job request 13, job is valid till 28/10/2020 2:03:42 AM
[2020-10-28 01:54:21Z INFO ProcessInvokerWrapper] STDOUT/STDERR stream read finished.
[2020-10-28 01:54:21Z INFO ProcessInvokerWrapper] STDOUT/STDERR stream read finished.
[2020-10-28 01:54:21Z INFO ProcessInvokerWrapper] Finished process 9752 with exit code 102, and elapsed time 00:08:42.1197838.
[2020-10-28 01:54:21Z INFO JobDispatcher] Worker finished for job 006c7e6f-00a1-57ff-4d9c-5871960fc9e4. Code: 102
[2020-10-28 01:54:21Z INFO JobDispatcher] finish job request for job 006c7e6f-00a1-57ff-4d9c-5871960fc9e4 with result: Failed
[2020-10-28 01:54:21Z INFO Terminal] WRITE LINE: 2020-10-28 01:54:21Z: Job build (14.x) completed with result: Failed
[2020-10-28 01:54:21Z INFO JobDispatcher] Stop renew job request for job 006c7e6f-00a1-57ff-4d9c-5871960fc9e4.
[2020-10-28 01:54:21Z INFO JobDispatcher] job renew has been canceled, stop renew job request 13.
[2020-10-28 01:54:21Z INFO JobNotification] Entering JobCompleted Notification
[2020-10-28 01:54:21Z INFO JobNotification] Entering EndMonitor
[2020-10-28 01:54:23Z INFO RSAEncryptedFileKeyManager] Loading RSA key parameters from file C:\Users\User\GEBv2\actions-runner\.credentials_rsaparams
[2020-10-28 01:54:23Z INFO MessageListener] Message '11' received from session 'e1f0a50e-3be6-4d7b-9a04-edad204aa1ff'.
[2020-10-28 01:54:23Z INFO JobDispatcher] Job request 14 for plan a8a466ff-0500-4132-b41a-07569374eaa4 job a9a345e6-1106-5aaa-6fe5-f842db892828 received.
[2020-10-28 01:54:23Z INFO JobDispatcher] Pull OrchestrationId a8a466ff-0500-4132-b41a-07569374eaa4.build._12_x from JWT claims
[2020-10-28 01:54:23Z INFO JobDispatcher] Job request 006c7e6f-00a1-57ff-4d9c-5871960fc9e4 processed succeed.
[2020-10-28 01:54:23Z INFO Terminal] WRITE LINE: 2020-10-28 01:54:23Z: Running job: build (12.x)
[2020-10-28 01:54:23Z INFO JobDispatcher] Start renew job request 14 for job a9a345e6-1106-5aaa-6fe5-f842db892828.
[2020-10-28 01:54:24Z INFO JobDispatcher] Successfully renew job request 14, job is valid till 28/10/2020 2:04:24 AM
[2020-10-28 01:54:24Z INFO HostContext] Well known directory 'Bin': 'C:\Users\User\GEBv2\actions-runner\bin'
[2020-10-28 01:54:24Z INFO ProcessInvokerWrapper] Starting process:
[2020-10-28 01:54:24Z INFO ProcessInvokerWrapper]   File name: 'C:\Users\User\GEBv2\actions-runner\bin\Runner.Worker.exe'
[2020-10-28 01:54:24Z INFO ProcessInvokerWrapper]   Arguments: 'spawnclient 2868 2880'
[2020-10-28 01:54:24Z INFO ProcessInvokerWrapper]   Working directory: 'C:\Users\User\GEBv2\actions-runner\bin'
[2020-10-28 01:54:24Z INFO ProcessInvokerWrapper]   Require exit code zero: 'False'
[2020-10-28 01:54:24Z INFO ProcessInvokerWrapper]   Encoding web name:  ; code page: ''
[2020-10-28 01:54:24Z INFO ProcessInvokerWrapper]   Force kill process on cancellation: 'True'
[2020-10-28 01:54:24Z INFO ProcessInvokerWrapper]   Redirected STDIN: 'False'
[2020-10-28 01:54:24Z INFO ProcessInvokerWrapper]   Persist current code page: 'False'
[2020-10-28 01:54:24Z INFO ProcessInvokerWrapper]   Keep redirected STDIN open: 'False'
[2020-10-28 01:54:24Z INFO ProcessInvokerWrapper]   High priority process: 'True'
[2020-10-28 01:54:24Z INFO ProcessInvokerWrapper] Process started with process id 9684, waiting for process exit.
[2020-10-28 01:54:24Z INFO JobDispatcher] Send job request message to worker for job a9a345e6-1106-5aaa-6fe5-f842db892828.
[2020-10-28 01:54:24Z INFO JobNotification] Entering JobStarted Notification
[2020-10-28 01:54:24Z INFO JobNotification] Entering StartMonitor
[2020-10-28 01:54:26Z INFO RSAEncryptedFileKeyManager] Loading RSA key parameters from file C:\Users\User\GEBv2\actions-runner\.credentials_rsaparams
[2020-10-28 01:54:26Z INFO MessageListener] Message '12' received from session 'e1f0a50e-3be6-4d7b-9a04-edad204aa1ff'.
[2020-10-28 01:54:26Z INFO JobDispatcher] Job cancellation request a9a345e6-1106-5aaa-6fe5-f842db892828 received, cancellation timeout 5 minutes.
[2020-10-28 01:54:26Z INFO JobDispatcher] Send job cancellation message to worker for job a9a345e6-1106-5aaa-6fe5-f842db892828.
[2020-10-28 01:55:03Z INFO ProcessInvokerWrapper] STDOUT/STDERR stream read finished.
[2020-10-28 01:55:03Z INFO ProcessInvokerWrapper] STDOUT/STDERR stream read finished.
[2020-10-28 01:55:03Z INFO ProcessInvokerWrapper] Finished process 9684 with exit code 103, and elapsed time 00:00:39.2638664.
[2020-10-28 01:55:03Z INFO JobDispatcher] finish job request for job a9a345e6-1106-5aaa-6fe5-f842db892828 with result: Canceled
[2020-10-28 01:55:03Z INFO Terminal] WRITE LINE: 2020-10-28 01:55:03Z: Job build (12.x) completed with result: Canceled
[2020-10-28 01:55:03Z INFO JobDispatcher] Stop renew job request for job a9a345e6-1106-5aaa-6fe5-f842db892828.
[2020-10-28 01:55:03Z INFO JobDispatcher] job renew has been canceled, stop renew job request 14.
[2020-10-28 01:55:03Z INFO JobNotification] Entering JobCompleted Notification
[2020-10-28 01:55:03Z INFO JobNotification] Entering EndMonitor
[2020-10-28 02:21:19Z WARN GitHubActionsService] Authentication failed with status code 401.
WWW-Authenticate: Bearer
Strict-Transport-Security: max-age=2592000
X-TFS-ProcessId: b6463393-adc3-408e-af7e-24cb9c6150ab
ActivityId: 697fbeb4-432a-4e32-a9aa-1985e595cfd0
X-TFS-Session: cadb3ddd-e1ed-4356-abf0-3bc934e8e7ec
X-VSS-E2EID: db539bd1-d8e2-42ab-8309-4e2e8680a46b
X-VSS-SenderDeploymentId: 13a19993-c6bc-326c-afb4-32c5519f46f0
X-TFS-ServiceError: The+user+%27System%3aPublicAccess%3baaaaaaaa-aaaa-aaaa-aaaa-aaaaaaaaaaaa%27+is+not+authorized+to+access+this+resource.
X-VSS-S2STargetService: 0000005A-0000-8888-8000-000000000000/visualstudio.com
X-MSEdge-Ref: Ref A: C3C5BF12874345098A37F617B0DA380C Ref B: AKL30EDGE0113 Ref C: 2020-10-28T02:21:19Z
Date: Wed, 28 Oct 2020 02:21:19 GMT

[2020-10-28 02:21:19Z INFO RSAEncryptedFileKeyManager] Loading RSA key parameters from file C:\Users\User\GEBv2\actions-runner\.credentials_rsaparams
[2020-10-28 02:21:20Z INFO GitHubActionsService] AAD Correlation ID for this token request: Unknown
[2020-10-28 02:24:42Z INFO MessageListener] No message retrieved from session 'e1f0a50e-3be6-4d7b-9a04-edad204aa1ff' within last 30 minutes.
[2020-10-28 02:29:57Z INFO Terminal] WRITE LINE: Exiting...
[2020-10-28 02:29:57Z INFO ConfigurationStore] IsServiceConfigured()
[2020-10-28 02:29:57Z INFO ConfigurationStore] IsServiceConfigured: False
[2020-10-28 02:29:57Z INFO HostContext] Runner will be shutdown for UserCancelled
[2020-10-28 02:29:57Z WARN GitHubActionsService] GET request to https://pipelines.actions.githubusercontent.com/P514vpk5dBeSmTD4gjMvkL6N0lM54bjRbLQ1pUZ0TFdJ3aCim5/_apis/distributedtask/pools/1/messages?sessionId=e1f0a50e-3be6-4d7b-9a04-edad204aa1ff&lastMessageId=12 has been cancelled.
[2020-10-28 02:29:57Z INFO MessageListener] Get next message has been cancelled.
[2020-10-28 02:29:57Z INFO JobDispatcher] Shutting down JobDispatcher. Make sure all WorkerDispatcher has finished.
[2020-10-28 02:29:57Z INFO JobDispatcher] Ensure WorkerDispather for job a9a345e6-1106-5aaa-6fe5-f842db892828 run to finish, cancel any running job.
[2020-10-28 02:29:57Z INFO JobDispatcher] Job request a9a345e6-1106-5aaa-6fe5-f842db892828 processed succeed.
[2020-10-28 02:29:58Z INFO Listener] Runner execution been cancelled.
