[2020-10-28 01:38:04Z INFO HostContext] No proxy settings were found based on environmental variables (http_proxy/https_proxy/HTTP_PROXY/HTTPS_PROXY)
[2020-10-28 01:38:04Z INFO HostContext] Well known directory 'Bin': 'C:\Users\User\GEBv2\actions-runner\bin'
[2020-10-28 01:38:04Z INFO HostContext] Well known directory 'Root': 'C:\Users\User\GEBv2\actions-runner'
[2020-10-28 01:38:04Z INFO HostContext] Well known config file 'Credentials': 'C:\Users\User\GEBv2\actions-runner\.credentials'
[2020-10-28 01:38:04Z INFO Worker] Version: 2.273.5
[2020-10-28 01:38:04Z INFO Worker] Commit: a79bab4b3c993a205a2d73d2b618299d8a96bd26
[2020-10-28 01:38:04Z INFO Worker] Culture: en-NZ
[2020-10-28 01:38:04Z INFO Worker] UI Culture: en-GB
[2020-10-28 01:38:04Z INFO Worker] Waiting to receive the job message from the channel.
[2020-10-28 01:38:04Z INFO Worker] Message received.
[2020-10-28 01:38:04Z INFO Worker] Job message:
 {
  "fileTable": [
    ".github/workflows/node.js.yml"
  ],
  "mask": [
    {
      "type": "regex",
      "value": "***"
    },
    {
      "type": "regex",
      "value": "***"
    },
    {
      "type": "regex",
      "value": "***"
    },
    {
      "type": "regex",
      "value": "***"
    },
    {
      "type": "regex",
      "value": "***"
    }
  ],
  "steps": [
    {
      "type": "action",
      "reference": {
        "type": "repository",
        "name": "actions/checkout",
        "ref": "v2",
        "repositoryType": "GitHub",
        "path": ""
      },
      "condition": "success()",
      "id": "75203135-b621-51cd-dd9b-248f40baf735",
      "name": "actionscheckout"
    },
    {
      "type": "action",
      "reference": {
        "type": "repository",
        "name": "actions/setup-node",
        "ref": "v1",
        "repositoryType": "GitHub",
        "path": ""
      },
      "displayNameToken": {
        "type": 3,
        "file": 1,
        "line": 23,
        "col": 13,
        "expr": "format('Use Node.js {0}', matrix.node-version)"
      },
      "inputs": {
        "type": 2,
        "file": 1,
        "line": 26,
        "col": 9,
        "map": [
          {
            "key": {
              "type": 0,
              "file": 1,
              "line": 26,
              "col": 9,
              "lit": "node-version"
            },
            "value": {
              "type": 3,
              "file": 1,
              "line": 26,
              "col": 23,
              "expr": "matrix.node-version"
            }
          }
        ]
      },
      "condition": "success()",
      "id": "563c3b8e-18c1-5a69-44d0-fc7f9af60be6",
      "name": "actionssetup-node"
    },
    {
      "type": "action",
      "reference": {
        "type": "script"
      },
      "inputs": {
        "type": 2,
        "map": [
          {
            "key": "script",
            "value": {
              "type": 0,
              "file": 1,
              "line": 27,
              "col": 12,
              "lit": "npm i"
            }
          }
        ]
      },
      "condition": "success()",
      "id": "a3cb23ce-d742-5154-c787-f8a16a9ea156",
      "name": "run1"
    },
    {
      "type": "action",
      "reference": {
        "type": "script"
      },
      "inputs": {
        "type": 2,
        "map": [
          {
            "key": "script",
            "value": {
              "type": 0,
              "file": 1,
              "line": 28,
              "col": 12,
              "lit": "npm run build --if-present"
            }
          }
        ]
      },
      "condition": "success()",
      "id": "8820372c-aa80-59cb-fbd5-06b98c16b2ef",
      "name": "run2"
    },
    {
      "type": "action",
      "reference": {
        "type": "script"
      },
      "inputs": {
        "type": 2,
        "map": [
          {
            "key": "script",
            "value": {
              "type": 0,
              "file": 1,
              "line": 29,
              "col": 12,
              "lit": "npm test"
            }
          }
        ]
      },
      "condition": "success()",
      "id": "c367d447-d7de-5fec-e5e2-b4a514345833",
      "name": "run3"
    }
  ],
  "variables": {
    "system.isScheduled": {
      "value": "False"
    },
    "system": {
      "value": "actions"
    },
    "system.hosttype": {
      "value": "actions"
    },
    "system.servertype": {
      "value": "Hosted"
    },
    "system.culture": {
      "value": "en-US"
    },
    "system.collectionId": {
      "value": "744186df-a1bd-410a-9308-e75b84ed9b02"
    },
    "system.collectionUri": {
      "value": "https://pipelines.actions.githubusercontent.com/P514vpk5dBeSmTD4gjMvkL6N0lM54bjRbLQ1pUZ0TFdJ3aCim5/"
    },
    "system.taskDefinitionsUri": {
      "value": "https://pipelines.actions.githubusercontent.com/P514vpk5dBeSmTD4gjMvkL6N0lM54bjRbLQ1pUZ0TFdJ3aCim5/"
    },
    "system.pipelineStartTime": {
      "value": "2020-10-28 01:38:00+00:00"
    },
    "system.definitionId": {
      "value": "3"
    },
    "DistributedTask.NewActionMetadata": {
      "value": "true"
    },
    "DistributedTask.UseContextNameForGITHUBACTION": {
      "value": "true"
    },
    "system.teamProjectId": {
      "value": "00000000-0000-0000-0000-000000000000"
    },
    "build.buildId": {
      "value": "15"
    },
    "build.containerId": {
      "value": "1811958"
    },
    "system.definitionName": {
      "value": "GEBWebstoreV2"
    },
    "system.planId": {
      "value": "27641b7a-d83a-4868-8f6a-3c33e704c9cc"
    },
    "system.timelineId": {
      "value": "27641b7a-d83a-4868-8f6a-3c33e704c9cc"
    },
    "system.stageDisplayName": {
      "value": "__default"
    },
    "system.stageId": {
      "value": "96ac2280-8cb4-5df5-99de-dd2da759617d"
    },
    "system.stageName": {
      "value": "__default"
    },
    "system.stageAttempt": {
      "value": "1"
    },
    "system.phaseDisplayName": {
      "value": "build"
    },
    "system.phaseId": {
      "value": "6884a131-87da-5381-61f3-d7acc3b91d76"
    },
    "system.phaseName": {
      "value": "build"
    },
    "system.phaseAttempt": {
      "value": "1"
    },
    "system.jobIdentifier": {
      "value": "build._10_x"
    },
    "system.jobAttempt": {
      "value": "1"
    },
    "System.JobPositionInPhase": {
      "value": "1"
    },
    "System.TotalJobsInPhase": {
      "value": "3"
    },
    "system.github.job": {
      "value": "build"
    },
    "system.jobDisplayName": {
      "value": "build (10.x)"
    },
    "system.jobId": {
      "value": "1688b4be-3760-56c4-0657-72178d884855"
    },
    "system.jobName": {
      "value": "_10_x"
    },
    "system.github.token": {
      "value": "***",
      "isSecret": true
    },
    "github_token": {
      "value": "***",
      "isSecret": true
    },
    "system.runnerGroupName": {
      "value": "Default"
    }
  },
  "messageType": "PipelineAgentJobRequest",
  "plan": {
    "scopeIdentifier": "00000000-0000-0000-0000-000000000000",
    "planType": "Actions",
    "version": 12,
    "planId": "27641b7a-d83a-4868-8f6a-3c33e704c9cc",
    "planGroup": "Actions:00000000-0000-0000-0000-000000000000:1",
    "artifactUri": "vstfs:///Build/Build/15",
    "artifactLocation": null,
    "definition": {
      "_links": {},
      "id": 3,
      "name": "GEBWebstoreV2"
    },
    "owner": {
      "_links": {},
      "id": 3,
      "name": "TheWaterIsAlive"
    }
  },
  "timeline": {
    "id": "27641b7a-d83a-4868-8f6a-3c33e704c9cc",
    "changeId": 10,
    "location": null
  },
  "jobId": "1688b4be-3760-56c4-0657-72178d884855",
  "jobDisplayName": "build (10.x)",
  "jobName": "_10_x",
  "requestId": 7,
  "lockedUntil": "0001-01-01T00:00:00",
  "resources": {
    "endpoints": [
      {
        "data": {
          "ServerId": "744186df-a1bd-410a-9308-e75b84ed9b02",
          "ServerName": "P514vpk5dBeSmTD4gjMvkL6N0lM54bjRbLQ1pUZ0TFdJ3aCim5",
          "CacheServerUrl": "https://artifactcache.actions.githubusercontent.com/P514vpk5dBeSmTD4gjMvkL6N0lM54bjRbLQ1pUZ0TFdJ3aCim5/"
        },
        "name": "SystemVssConnection",
        "url": "https://pipelines.actions.githubusercontent.com/P514vpk5dBeSmTD4gjMvkL6N0lM54bjRbLQ1pUZ0TFdJ3aCim5/",
        "authorization": {
          "parameters": {
            "AccessToken": ***
          },
          "scheme": "OAuth"
        },
        "isShared": false,
        "isReady": true
      }
    ]
  },
  "contextData": {
    "github": {
      "t": 2,
      "d": [
        {
          "k": "ref",
          "v": "refs/heads/master"
        },
        {
          "k": "sha",
          "v": "6ca49046e7bd652d8a59ef7916371b3189618827"
        },
        {
          "k": "repository",
          "v": "TheWaterIsAlive/GEBWebstoreV2"
        },
        {
          "k": "repository_owner",
          "v": "TheWaterIsAlive"
        },
        {
          "k": "repositoryUrl",
          "v": "git://github.com/TheWaterIsAlive/GEBWebstoreV2.git"
        },
        {
          "k": "run_id",
          "v": "332647589"
        },
        {
          "k": "run_number",
          "v": "10"
        },
        {
          "k": "retention_days",
          "v": "90"
        },
        {
          "k": "actor",
          "v": "TheWaterIsAlive"
        },
        {
          "k": "workflow",
          "v": "Node.js CI"
        },
        {
          "k": "head_ref",
          "v": ""
        },
        {
          "k": "base_ref",
          "v": ""
        },
        {
          "k": "event_name",
          "v": "push"
        },
        {
          "k": "event",
          "v": {
            "t": 2,
            "d": [
              {
                "k": "after",
                "v": "6ca49046e7bd652d8a59ef7916371b3189618827"
              },
              {
                "k": "base_ref",
                "v": null
              },
              {
                "k": "before",
                "v": "4882c22ff34aab96210ede3b2ba59f7e0cd9d8ce"
              },
              {
                "k": "commits",
                "v": {
                  "t": 1,
                  "a": [
                    {
                      "t": 2,
                      "d": [
                        {
                          "k": "author",
                          "v": {
                            "t": 2,
                            "d": [
                              {
                                "k": "email",
                                "v": "ajfry203@gmail.com"
                              },
                              {
                                "k": "name",
                                "v": "unknown"
                              },
                              {
                                "k": "username",
                                "v": "TheWaterIsAlive"
                              }
                            ]
                          }
                        },
                        {
                          "k": "committer",
                          "v": {
                            "t": 2,
                            "d": [
                              {
                                "k": "email",
                                "v": "ajfry203@gmail.com"
                              },
                              {
                                "k": "name",
                                "v": "unknown"
                              },
                              {
                                "k": "username",
                                "v": "TheWaterIsAlive"
                              }
                            ]
                          }
                        },
                        {
                          "k": "distinct",
                          "v": true
                        },
                        {
                          "k": "id",
                          "v": "c35779e9ef901a36ccb7cc83350e2c0f40db044e"
                        },
                        {
                          "k": "message",
                          "v": "Test"
                        },
                        {
                          "k": "timestamp",
                          "v": "2020-10-28T14:37:17+13:00"
                        },
                        {
                          "k": "tree_id",
                          "v": "bf32479acb60dc79b1de2c66dce502a4f1e70788"
                        },
                        {
                          "k": "url",
                          "v": "https://github.com/TheWaterIsAlive/GEBWebstoreV2/commit/c35779e9ef901a36ccb7cc83350e2c0f40db044e"
                        }
                      ]
                    },
                    {
                      "t": 2,
                      "d": [
                        {
                          "k": "author",
                          "v": {
                            "t": 2,
                            "d": [
                              {
                                "k": "email",
                                "v": "ajfry203@gmail.com"
                              },
                              {
                                "k": "name",
                                "v": "unknown"
                              },
                              {
                                "k": "username",
                                "v": "TheWaterIsAlive"
                              }
                            ]
                          }
                        },
                        {
                          "k": "committer",
                          "v": {
                            "t": 2,
                            "d": [
                              {
                                "k": "email",
                                "v": "ajfry203@gmail.com"
                              },
                              {
                                "k": "name",
                                "v": "unknown"
                              },
                              {
                                "k": "username",
                                "v": "TheWaterIsAlive"
                              }
                            ]
                          }
                        },
                        {
                          "k": "distinct",
                          "v": true
                        },
                        {
                          "k": "id",
                          "v": "6ca49046e7bd652d8a59ef7916371b3189618827"
                        },
                        {
                          "k": "message",
                          "v": "Merge branch 'master' of https://github.com/TheWaterIsAlive/GEBWebstoreV2"
                        },
                        {
                          "k": "timestamp",
                          "v": "2020-10-28T14:37:48+13:00"
                        },
                        {
                          "k": "tree_id",
                          "v": "e5afe103e45856a8dc63b63775d30974bb56af75"
                        },
                        {
                          "k": "url",
                          "v": "https://github.com/TheWaterIsAlive/GEBWebstoreV2/commit/6ca49046e7bd652d8a59ef7916371b3189618827"
                        }
                      ]
                    }
                  ]
                }
              },
              {
                "k": "compare",
                "v": "https://github.com/TheWaterIsAlive/GEBWebstoreV2/compare/4882c22ff34a...6ca49046e7bd"
              },
              {
                "k": "created",
                "v": false
              },
              {
                "k": "deleted",
                "v": false
              },
              {
                "k": "forced",
                "v": false
              },
              {
                "k": "head_commit",
                "v": {
                  "t": 2,
                  "d": [
                    {
                      "k": "author",
                      "v": {
                        "t": 2,
                        "d": [
                          {
                            "k": "email",
                            "v": "ajfry203@gmail.com"
                          },
                          {
                            "k": "name",
                            "v": "unknown"
                          },
                          {
                            "k": "username",
                            "v": "TheWaterIsAlive"
                          }
                        ]
                      }
                    },
                    {
                      "k": "committer",
                      "v": {
                        "t": 2,
                        "d": [
                          {
                            "k": "email",
                            "v": "ajfry203@gmail.com"
                          },
                          {
                            "k": "name",
                            "v": "unknown"
                          },
                          {
                            "k": "username",
                            "v": "TheWaterIsAlive"
                          }
                        ]
                      }
                    },
                    {
                      "k": "distinct",
                      "v": true
                    },
                    {
                      "k": "id",
                      "v": "6ca49046e7bd652d8a59ef7916371b3189618827"
                    },
                    {
                      "k": "message",
                      "v": "Merge branch 'master' of https://github.com/TheWaterIsAlive/GEBWebstoreV2"
                    },
                    {
                      "k": "timestamp",
                      "v": "2020-10-28T14:37:48+13:00"
                    },
                    {
                      "k": "tree_id",
                      "v": "e5afe103e45856a8dc63b63775d30974bb56af75"
                    },
                    {
                      "k": "url",
                      "v": "https://github.com/TheWaterIsAlive/GEBWebstoreV2/commit/6ca49046e7bd652d8a59ef7916371b3189618827"
                    }
                  ]
                }
              },
              {
                "k": "pusher",
                "v": {
                  "t": 2,
                  "d": [
                    {
                      "k": "email",
                      "v": "53320905+TheWaterIsAlive@users.noreply.github.com"
                    },
                    {
                      "k": "name",
                      "v": "TheWaterIsAlive"
                    }
                  ]
                }
              },
              {
                "k": "ref",
                "v": "refs/heads/master"
              },
              {
                "k": "repository",
                "v": {
                  "t": 2,
                  "d": [
                    {
                      "k": "archive_url",
                      "v": "https://api.github.com/repos/TheWaterIsAlive/GEBWebstoreV2/{archive_format}{/ref}"
                    },
                    {
                      "k": "archived",
                      "v": false
                    },
                    {
                      "k": "assignees_url",
                      "v": "https://api.github.com/repos/TheWaterIsAlive/GEBWebstoreV2/assignees{/user}"
                    },
                    {
                      "k": "blobs_url",
                      "v": "https://api.github.com/repos/TheWaterIsAlive/GEBWebstoreV2/git/blobs{/sha}"
                    },
                    {
                      "k": "branches_url",
                      "v": "https://api.github.com/repos/TheWaterIsAlive/GEBWebstoreV2/branches{/branch}"
                    },
                    {
                      "k": "clone_url",
                      "v": "https://github.com/TheWaterIsAlive/GEBWebstoreV2.git"
                    },
                    {
                      "k": "collaborators_url",
                      "v": "https://api.github.com/repos/TheWaterIsAlive/GEBWebstoreV2/collaborators{/collaborator}"
                    },
                    {
                      "k": "comments_url",
                      "v": "https://api.github.com/repos/TheWaterIsAlive/GEBWebstoreV2/comments{/number}"
                    },
                    {
                      "k": "commits_url",
                      "v": "https://api.github.com/repos/TheWaterIsAlive/GEBWebstoreV2/commits{/sha}"
                    },
                    {
                      "k": "compare_url",
                      "v": "https://api.github.com/repos/TheWaterIsAlive/GEBWebstoreV2/compare/{base}...{head}"
                    },
                    {
                      "k": "contents_url",
                      "v": "https://api.github.com/repos/TheWaterIsAlive/GEBWebstoreV2/contents/{+path}"
                    },
                    {
                      "k": "contributors_url",
                      "v": "https://api.github.com/repos/TheWaterIsAlive/GEBWebstoreV2/contributors"
                    },
                    {
                      "k": "created_at",
                      "v": 1601556097.0
                    },
                    {
                      "k": "default_branch",
                      "v": "master"
                    },
                    {
                      "k": "deployments_url",
                      "v": "https://api.github.com/repos/TheWaterIsAlive/GEBWebstoreV2/deployments"
                    },
                    {
                      "k": "description",
                      "v": "My seconded attempted at create GEB webstore for use in my project which plans on using smart contract to create a safe webstore."
                    },
                    {
                      "k": "disabled",
                      "v": false
                    },
                    {
                      "k": "downloads_url",
                      "v": "https://api.github.com/repos/TheWaterIsAlive/GEBWebstoreV2/downloads"
                    },
                    {
                      "k": "events_url",
                      "v": "https://api.github.com/repos/TheWaterIsAlive/GEBWebstoreV2/events"
                    },
                    {
                      "k": "fork",
                      "v": false
                    },
                    {
                      "k": "forks",
                      "v": 0.0
                    },
                    {
                      "k": "forks_count",
                      "v": 0.0
                    },
                    {
                      "k": "forks_url",
                      "v": "https://api.github.com/repos/TheWaterIsAlive/GEBWebstoreV2/forks"
                    },
                    {
                      "k": "full_name",
                      "v": "TheWaterIsAlive/GEBWebstoreV2"
                    },
                    {
                      "k": "git_commits_url",
                      "v": "https://api.github.com/repos/TheWaterIsAlive/GEBWebstoreV2/git/commits{/sha}"
                    },
                    {
                      "k": "git_refs_url",
                      "v": "https://api.github.com/repos/TheWaterIsAlive/GEBWebstoreV2/git/refs{/sha}"
                    },
                    {
                      "k": "git_tags_url",
                      "v": "https://api.github.com/repos/TheWaterIsAlive/GEBWebstoreV2/git/tags{/sha}"
                    },
                    {
                      "k": "git_url",
                      "v": "git://github.com/TheWaterIsAlive/GEBWebstoreV2.git"
                    },
                    {
                      "k": "has_downloads",
                      "v": true
                    },
                    {
                      "k": "has_issues",
                      "v": true
                    },
                    {
                      "k": "has_pages",
                      "v": false
                    },
                    {
                      "k": "has_projects",
                      "v": true
                    },
                    {
                      "k": "has_wiki",
                      "v": true
                    },
                    {
                      "k": "homepage",
                      "v": null
                    },
                    {
                      "k": "hooks_url",
                      "v": "https://api.github.com/repos/TheWaterIsAlive/GEBWebstoreV2/hooks"
                    },
                    {
                      "k": "html_url",
                      "v": "https://github.com/TheWaterIsAlive/GEBWebstoreV2"
                    },
                    {
                      "k": "id",
                      "v": 300275047.0
                    },
                    {
                      "k": "issue_comment_url",
                      "v": "https://api.github.com/repos/TheWaterIsAlive/GEBWebstoreV2/issues/comments{/number}"
                    },
                    {
                      "k": "issue_events_url",
                      "v": "https://api.github.com/repos/TheWaterIsAlive/GEBWebstoreV2/issues/events{/number}"
                    },
                    {
                      "k": "issues_url",
                      "v": "https://api.github.com/repos/TheWaterIsAlive/GEBWebstoreV2/issues{/number}"
                    },
                    {
                      "k": "keys_url",
                      "v": "https://api.github.com/repos/TheWaterIsAlive/GEBWebstoreV2/keys{/key_id}"
                    },
                    {
                      "k": "labels_url",
                      "v": "https://api.github.com/repos/TheWaterIsAlive/GEBWebstoreV2/labels{/name}"
                    },
                    {
                      "k": "language",
                      "v": "JavaScript"
                    },
                    {
                      "k": "languages_url",
                      "v": "https://api.github.com/repos/TheWaterIsAlive/GEBWebstoreV2/languages"
                    },
                    {
                      "k": "license",
                      "v": {
                        "t": 2,
                        "d": [
                          {
                            "k": "key",
                            "v": "mit"
                          },
                          {
                            "k": "name",
                            "v": "MIT License"
                          },
                          {
                            "k": "node_id",
                            "v": "MDc6TGljZW5zZTEz"
                          },
                          {
                            "k": "spdx_id",
                            "v": "MIT"
                          },
                          {
                            "k": "url",
                            "v": "https://api.github.com/licenses/mit"
                          }
                        ]
                      }
                    },
                    {
                      "k": "master_branch",
                      "v": "master"
                    },
                    {
                      "k": "merges_url",
                      "v": "https://api.github.com/repos/TheWaterIsAlive/GEBWebstoreV2/merges"
                    },
                    {
                      "k": "milestones_url",
                      "v": "https://api.github.com/repos/TheWaterIsAlive/GEBWebstoreV2/milestones{/number}"
                    },
                    {
                      "k": "mirror_url",
                      "v": null
                    },
                    {
                      "k": "name",
                      "v": "GEBWebstoreV2"
                    },
                    {
                      "k": "node_id",
                      "v": "MDEwOlJlcG9zaXRvcnkzMDAyNzUwNDc="
                    },
                    {
                      "k": "notifications_url",
                      "v": "https://api.github.com/repos/TheWaterIsAlive/GEBWebstoreV2/notifications{?since,all,participating}"
                    },
                    {
                      "k": "open_issues",
                      "v": 0.0
                    },
                    {
                      "k": "open_issues_count",
                      "v": 0.0
                    },
                    {
                      "k": "owner",
                      "v": {
                        "t": 2,
                        "d": [
                          {
                            "k": "avatar_url",
                            "v": "https://avatars3.githubusercontent.com/u/53320905?v=4"
                          },
                          {
                            "k": "email",
                            "v": "53320905+TheWaterIsAlive@users.noreply.github.com"
                          },
                          {
                            "k": "events_url",
                            "v": "https://api.github.com/users/TheWaterIsAlive/events{/privacy}"
                          },
                          {
                            "k": "followers_url",
                            "v": "https://api.github.com/users/TheWaterIsAlive/followers"
                          },
                          {
                            "k": "following_url",
                            "v": "https://api.github.com/users/TheWaterIsAlive/following{/other_user}"
                          },
                          {
                            "k": "gists_url",
                            "v": "https://api.github.com/users/TheWaterIsAlive/gists{/gist_id}"
                          },
                          {
                            "k": "gravatar_id",
                            "v": ""
                          },
                          {
                            "k": "html_url",
                            "v": "https://github.com/TheWaterIsAlive"
                          },
                          {
                            "k": "id",
                            "v": 53320905.0
                          },
                          {
                            "k": "login",
                            "v": "TheWaterIsAlive"
                          },
                          {
                            "k": "name",
                            "v": "TheWaterIsAlive"
                          },
                          {
                            "k": "node_id",
                            "v": "MDQ6VXNlcjUzMzIwOTA1"
                          },
                          {
                            "k": "organizations_url",
                            "v": "https://api.github.com/users/TheWaterIsAlive/orgs"
                          },
                          {
                            "k": "received_events_url",
                            "v": "https://api.github.com/users/TheWaterIsAlive/received_events"
                          },
                          {
                            "k": "repos_url",
                            "v": "https://api.github.com/users/TheWaterIsAlive/repos"
                          },
                          {
                            "k": "site_admin",
                            "v": false
                          },
                          {
                            "k": "starred_url",
                            "v": "https://api.github.com/users/TheWaterIsAlive/starred{/owner}{/repo}"
                          },
                          {
                            "k": "subscriptions_url",
                            "v": "https://api.github.com/users/TheWaterIsAlive/subscriptions"
                          },
                          {
                            "k": "type",
                            "v": "User"
                          },
                          {
                            "k": "url",
                            "v": "https://api.github.com/users/TheWaterIsAlive"
                          }
                        ]
                      }
                    },
                    {
                      "k": "private",
                      "v": false
                    },
                    {
                      "k": "pulls_url",
                      "v": "https://api.github.com/repos/TheWaterIsAlive/GEBWebstoreV2/pulls{/number}"
                    },
                    {
                      "k": "pushed_at",
                      "v": 1603849077.0
                    },
                    {
                      "k": "releases_url",
                      "v": "https://api.github.com/repos/TheWaterIsAlive/GEBWebstoreV2/releases{/id}"
                    },
                    {
                      "k": "size",
                      "v": 91078.0
                    },
                    {
                      "k": "ssh_url",
                      "v": "git@github.com:TheWaterIsAlive/GEBWebstoreV2.git"
                    },
                    {
                      "k": "stargazers",
                      "v": 0.0
                    },
                    {
                      "k": "stargazers_count",
                      "v": 0.0
                    },
                    {
                      "k": "stargazers_url",
                      "v": "https://api.github.com/repos/TheWaterIsAlive/GEBWebstoreV2/stargazers"
                    },
                    {
                      "k": "statuses_url",
                      "v": "https://api.github.com/repos/TheWaterIsAlive/GEBWebstoreV2/statuses/{sha}"
                    },
                    {
                      "k": "subscribers_url",
                      "v": "https://api.github.com/repos/TheWaterIsAlive/GEBWebstoreV2/subscribers"
                    },
                    {
                      "k": "subscription_url",
                      "v": "https://api.github.com/repos/TheWaterIsAlive/GEBWebstoreV2/subscription"
                    },
                    {
                      "k": "svn_url",
                      "v": "https://github.com/TheWaterIsAlive/GEBWebstoreV2"
                    },
                    {
                      "k": "tags_url",
                      "v": "https://api.github.com/repos/TheWaterIsAlive/GEBWebstoreV2/tags"
                    },
                    {
                      "k": "teams_url",
                      "v": "https://api.github.com/repos/TheWaterIsAlive/GEBWebstoreV2/teams"
                    },
                    {
                      "k": "trees_url",
                      "v": "https://api.github.com/repos/TheWaterIsAlive/GEBWebstoreV2/git/trees{/sha}"
                    },
                    {
                      "k": "updated_at",
                      "v": "2020-10-28T01:35:28Z"
                    },
                    {
                      "k": "url",
                      "v": "https://github.com/TheWaterIsAlive/GEBWebstoreV2"
                    },
                    {
                      "k": "watchers",
                      "v": 0.0
                    },
                    {
                      "k": "watchers_count",
                      "v": 0.0
                    }
                  ]
                }
              },
              {
                "k": "sender",
                "v": {
                  "t": 2,
                  "d": [
                    {
                      "k": "avatar_url",
                      "v": "https://avatars3.githubusercontent.com/u/53320905?v=4"
                    },
                    {
                      "k": "events_url",
                      "v": "https://api.github.com/users/TheWaterIsAlive/events{/privacy}"
                    },
                    {
                      "k": "followers_url",
                      "v": "https://api.github.com/users/TheWaterIsAlive/followers"
                    },
                    {
                      "k": "following_url",
                      "v": "https://api.github.com/users/TheWaterIsAlive/following{/other_user}"
                    },
                    {
                      "k": "gists_url",
                      "v": "https://api.github.com/users/TheWaterIsAlive/gists{/gist_id}"
                    },
                    {
                      "k": "gravatar_id",
                      "v": ""
                    },
                    {
                      "k": "html_url",
                      "v": "https://github.com/TheWaterIsAlive"
                    },
                    {
                      "k": "id",
                      "v": 53320905.0
                    },
                    {
                      "k": "login",
                      "v": "TheWaterIsAlive"
                    },
                    {
                      "k": "node_id",
                      "v": "MDQ6VXNlcjUzMzIwOTA1"
                    },
                    {
                      "k": "organizations_url",
                      "v": "https://api.github.com/users/TheWaterIsAlive/orgs"
                    },
                    {
                      "k": "received_events_url",
                      "v": "https://api.github.com/users/TheWaterIsAlive/received_events"
                    },
                    {
                      "k": "repos_url",
                      "v": "https://api.github.com/users/TheWaterIsAlive/repos"
                    },
                    {
                      "k": "site_admin",
                      "v": false
                    },
                    {
                      "k": "starred_url",
                      "v": "https://api.github.com/users/TheWaterIsAlive/starred{/owner}{/repo}"
                    },
                    {
                      "k": "subscriptions_url",
                      "v": "https://api.github.com/users/TheWaterIsAlive/subscriptions"
                    },
                    {
                      "k": "type",
                      "v": "User"
                    },
                    {
                      "k": "url",
                      "v": "https://api.github.com/users/TheWaterIsAlive"
                    }
                  ]
                }
              }
            ]
          }
        },
        {
          "k": "server_url",
          "v": "https://github.com"
        },
        {
          "k": "api_url",
          "v": "https://api.github.com"
        },
        {
          "k": "graphql_url",
          "v": "https://api.github.com/graphql"
        }
      ]
    },
    "needs": {
      "t": 2
    },
    "matrix": {
      "t": 2,
      "d": [
        {
          "k": "node-version",
          "v": "10.x"
        }
      ]
    },
    "strategy": {
      "t": 2,
      "d": [
        {
          "k": "fail-fast",
          "v": true
        },
        {
          "k": "job-index",
          "v": 0.0
        },
        {
          "k": "job-total",
          "v": 3.0
        },
        {
          "k": "max-parallel",
          "v": 3.0
        }
      ]
    }
  }
}
[2020-10-28 01:38:04Z INFO JobRunner] Job ID 1688b4be-3760-56c4-0657-72178d884855
[2020-10-28 01:38:04Z INFO JobRunner] Creating job server with URL: https://pipelines.actions.githubusercontent.com/P514vpk5dBeSmTD4gjMvkL6N0lM54bjRbLQ1pUZ0TFdJ3aCim5/
[2020-10-28 01:38:04Z INFO GitHubActionsService] Starting operation Location.GetConnectionData
[2020-10-28 01:38:04Z INFO Worker] Listening for cancel message from the channel.
[2020-10-28 01:38:04Z INFO Worker] Waiting for the job to complete or for a cancel message from the channel.
[2020-10-28 01:38:05Z INFO GitHubActionsService] Finished operation Location.GetConnectionData
[2020-10-28 01:38:05Z INFO GitHubActionsService] Starting operation Location.GetConnectionData
[2020-10-28 01:38:06Z INFO GitHubActionsService] Finished operation Location.GetConnectionData
[2020-10-28 01:38:06Z INFO JobServerQueue] Start process web console line queue.
[2020-10-28 01:38:06Z INFO JobServerQueue] Start process file upload queue.
[2020-10-28 01:38:06Z INFO JobServerQueue] Start process timeline update queue.
[2020-10-28 01:38:06Z INFO ExecutionContext] Initialize GitHub context
[2020-10-28 01:38:06Z INFO ExecutionContext] Initialize Env context
[2020-10-28 01:38:06Z INFO ConfigurationStore] currentAssemblyLocation: C:\Users\User\GEBv2\actions-runner\bin\Runner.Worker.dll
[2020-10-28 01:38:06Z INFO HostContext] Well known directory 'Bin': 'C:\Users\User\GEBv2\actions-runner\bin'
[2020-10-28 01:38:06Z INFO ConfigurationStore] binPath: C:\Users\User\GEBv2\actions-runner\bin
[2020-10-28 01:38:06Z INFO HostContext] Well known directory 'Bin': 'C:\Users\User\GEBv2\actions-runner\bin'
[2020-10-28 01:38:06Z INFO HostContext] Well known directory 'Root': 'C:\Users\User\GEBv2\actions-runner'
[2020-10-28 01:38:06Z INFO ConfigurationStore] RootFolder: C:\Users\User\GEBv2\actions-runner
[2020-10-28 01:38:06Z INFO HostContext] Well known directory 'Bin': 'C:\Users\User\GEBv2\actions-runner\bin'
[2020-10-28 01:38:06Z INFO HostContext] Well known directory 'Root': 'C:\Users\User\GEBv2\actions-runner'
[2020-10-28 01:38:06Z INFO HostContext] Well known config file 'Runner': 'C:\Users\User\GEBv2\actions-runner\.runner'
[2020-10-28 01:38:06Z INFO ConfigurationStore] ConfigFilePath: C:\Users\User\GEBv2\actions-runner\.runner
[2020-10-28 01:38:06Z INFO HostContext] Well known directory 'Bin': 'C:\Users\User\GEBv2\actions-runner\bin'
[2020-10-28 01:38:06Z INFO HostContext] Well known directory 'Root': 'C:\Users\User\GEBv2\actions-runner'
[2020-10-28 01:38:06Z INFO HostContext] Well known config file 'Credentials': 'C:\Users\User\GEBv2\actions-runner\.credentials'
[2020-10-28 01:38:06Z INFO ConfigurationStore] CredFilePath: C:\Users\User\GEBv2\actions-runner\.credentials
[2020-10-28 01:38:06Z INFO HostContext] Well known directory 'Bin': 'C:\Users\User\GEBv2\actions-runner\bin'
[2020-10-28 01:38:06Z INFO HostContext] Well known directory 'Root': 'C:\Users\User\GEBv2\actions-runner'
[2020-10-28 01:38:06Z INFO HostContext] Well known config file 'MigratedCredentials': 'C:\Users\User\GEBv2\actions-runner\.credentials_migrated'
[2020-10-28 01:38:06Z INFO ConfigurationStore] MigratedCredFilePath: C:\Users\User\GEBv2\actions-runner\.credentials_migrated
[2020-10-28 01:38:06Z INFO HostContext] Well known directory 'Bin': 'C:\Users\User\GEBv2\actions-runner\bin'
[2020-10-28 01:38:06Z INFO HostContext] Well known directory 'Root': 'C:\Users\User\GEBv2\actions-runner'
[2020-10-28 01:38:06Z INFO HostContext] Well known config file 'Service': 'C:\Users\User\GEBv2\actions-runner\.service'
[2020-10-28 01:38:06Z INFO ConfigurationStore] ServiceConfigFilePath: C:\Users\User\GEBv2\actions-runner\.service
[2020-10-28 01:38:06Z INFO ConfigurationStore] Read setting file: 313 chars
[2020-10-28 01:38:06Z INFO HostContext] Well known directory 'Bin': 'C:\Users\User\GEBv2\actions-runner\bin'
[2020-10-28 01:38:06Z INFO HostContext] Well known directory 'Root': 'C:\Users\User\GEBv2\actions-runner'
[2020-10-28 01:38:06Z INFO HostContext] Well known directory 'Diag': 'C:\Users\User\GEBv2\actions-runner\_diag'
[2020-10-28 01:38:06Z INFO JobRunner] Starting the job execution context.
[2020-10-28 01:38:06Z INFO HostContext] Well known directory 'Bin': 'C:\Users\User\GEBv2\actions-runner\bin'
[2020-10-28 01:38:06Z INFO HostContext] Well known directory 'Root': 'C:\Users\User\GEBv2\actions-runner'
[2020-10-28 01:38:06Z INFO HostContext] Well known directory 'Work': 'C:\Users\User\GEBv2\actions-runner\run.cmd'
[2020-10-28 01:38:06Z INFO JobRunner] Validating directory permissions for: 'C:\Users\User\GEBv2\actions-runner\run.cmd'
[2020-10-28 01:38:06Z ERR  JobRunner] System.IO.IOException: Cannot create 'C:\Users\User\GEBv2\actions-runner\run.cmd' because a file or directory with the same name already exists.
   at System.IO.FileSystem.CreateDirectory(String fullPath, Byte[] securityDescriptor)
   at System.IO.Directory.CreateDirectory(String path)
   at GitHub.Runner.Worker.JobRunner.RunAsync(AgentJobRequestMessage message, CancellationToken jobRequestCancellationToken)
[2020-10-28 01:38:06Z INFO JobRunner] Shutting down the job server queue.
[2020-10-28 01:38:06Z INFO JobServerQueue] Fire signal to shutdown all queues.
[2020-10-28 01:38:07Z INFO JobServerQueue] All queue process task stopped.
[2020-10-28 01:38:07Z INFO JobServerQueue] Try to append 1 batches web console lines for record '1688b4be-3760-56c4-0657-72178d884855', success rate: 1/1.
[2020-10-28 01:38:07Z INFO JobServerQueue] Web console line queue drained.
[2020-10-28 01:38:07Z INFO JobServerQueue] Uploading 1 files in one shot.
[2020-10-28 01:38:07Z INFO JobServerQueue] Try to upload 1 log files or attachments, success rate: 1/1.
[2020-10-28 01:38:07Z INFO JobServerQueue] File upload queue drained.
[2020-10-28 01:38:08Z INFO JobServerQueue] Timeline update queue drained.
[2020-10-28 01:38:08Z INFO JobServerQueue] All queue process tasks have been stopped, and all queues are drained.
[2020-10-28 01:38:08Z INFO JobRunner] Raising job completed event.
[2020-10-28 01:38:08Z INFO Worker] Job completed.
